number,value,datetime_start,datetime_complete,duration,params_a_1,params_a_2,params_batch_size,params_l_1,params_l_2,params_learning_rate,params_n_layers,params_num_epochs,params_train_size,params_weight_decay,user_attrs_mse,state
369,0.2908562123775482,2023-10-30 13:49:48.300605,2023-10-30 13:49:48.609602,0 days 00:00:00.308997,ReLU,Sigmoid,92,23,11.0,0.0465961902788307,2,337,0.3894226054709043,0.0003868917733114016,"tensor(0.2909, device='cuda:0')",COMPLETE
370,0.6554611325263977,2023-10-30 13:49:48.610036,2023-10-30 13:49:48.703952,0 days 00:00:00.093916,Leaky,Sigmoid,48,24,21.0,0.02387204795427604,2,419,0.11783028403048136,4.909386378114497e-05,"tensor(0.6555, device='cuda:0')",COMPLETE
371,0.3430660665035248,2023-10-30 13:49:48.704401,2023-10-30 13:49:50.300850,0 days 00:00:01.596449,Leaky,Tanh,36,10,14.0,0.01747354125867432,2,174,0.6767597807388486,0.0002778723376478505,"tensor(0.3431, device='cuda:0')",COMPLETE
372,0.31631264090538025,2023-10-30 13:49:50.301284,2023-10-30 13:49:50.671783,0 days 00:00:00.370499,Tanh,Sigmoid,58,23,12.0,0.03126579244845353,2,144,0.5197416980424697,0.00011474168361528836,"tensor(0.3163, device='cuda:0')",COMPLETE
373,0.36076197028160095,2023-10-30 13:49:50.672239,2023-10-30 13:49:52.652203,0 days 00:00:01.979964,Leaky,Sigmoid,53,24,9.0,0.0013927379438842848,2,186,0.7067211626287568,0.00018434839182628675,"tensor(0.3608, device='cuda:0')",COMPLETE
374,0.31740376353263855,2023-10-30 13:49:52.652641,2023-10-30 13:49:53.223007,0 days 00:00:00.570366,Leaky,Sigmoid,65,12,3.0,0.01015172037613653,2,97,0.6177041387555542,0.00023468233574100173,"tensor(0.3174, device='cuda:0')",COMPLETE
375,0.41993850469589233,2023-10-30 13:49:53.223443,2023-10-30 13:49:53.743357,0 days 00:00:00.519914,Leaky,ReLU,50,23,15.0,0.039588277032328735,2,160,0.7462276381782686,9.05974623084411e-05,"tensor(0.4199, device='cuda:0')",COMPLETE
376,0.4300329387187958,2023-10-30 13:49:53.743798,2023-10-30 13:49:54.925327,0 days 00:00:01.181529,Leaky,Sigmoid,73,22,17.0,0.0054072437822701306,2,126,0.799086124615985,0.0005625041544654505,"tensor(0.4300, device='cuda:0')",COMPLETE
377,0.49481818079948425,2023-10-30 13:49:54.925762,2023-10-30 13:49:56.233876,0 days 00:00:01.308114,Sigmoid,Sigmoid,44,24,13.0,0.020205421559553474,2,115,0.6604545922175337,6.548046239247097e-05,"tensor(0.4948, device='cuda:0')",COMPLETE
378,0.375813752412796,2023-10-30 13:49:56.234353,2023-10-30 13:49:56.758718,0 days 00:00:00.524365,Leaky,Sigmoid,46,23,14.0,0.002823118771161454,2,138,0.1958176090670736,0.00013454715773760073,"tensor(0.3758, device='cuda:0')",COMPLETE
379,0.33203744888305664,2023-10-30 13:49:56.759162,2023-10-30 13:49:57.109193,0 days 00:00:00.350031,Tanh,Sigmoid,33,24,11.0,0.02703641653724045,2,167,0.2694304475812006,0.00031491995562000976,"tensor(0.3320, device='cuda:0')",COMPLETE
380,0.34439897537231445,2023-10-30 13:49:57.109618,2023-10-30 13:49:57.496643,0 days 00:00:00.387025,Leaky,Sigmoid,94,24,19.0,0.015382438831433195,2,68,0.5463996115306466,0.00015455880716157584,"tensor(0.3444, device='cuda:0')",COMPLETE
381,0.26925128698349,2023-10-30 13:49:57.497073,2023-10-30 13:49:58.052741,0 days 00:00:00.555668,Leaky,Sigmoid,56,24,22.0,0.036638512333375756,2,120,0.5829574718682953,0.00020779226639475756,"tensor(0.2693, device='cuda:0')",COMPLETE
382,0.6313865184783936,2023-10-30 13:49:58.053196,2023-10-30 13:49:58.877081,0 days 00:00:00.823885,ReLU,Sigmoid,42,23,18.0,0.0002215709962787371,2,150,0.2991782132500783,0.000702874561619234,"tensor(0.6314, device='cuda:0')",COMPLETE
383,0.31354984641075134,2023-10-30 13:49:58.877537,2023-10-30 13:49:59.448290,0 days 00:00:00.570753,Leaky,Sigmoid,52,24,12.0,0.058827340886918426,2,432,0.719323794011663,0.00011067781153815372,"tensor(0.3135, device='cuda:0')",COMPLETE
384,0.8062806129455566,2023-10-30 13:49:59.448725,2023-10-30 13:50:01.133424,0 days 00:00:01.684699,Leaky,Sigmoid,39,23,16.0,2.2094873822597467e-05,2,108,0.7759338167127761,5.651582254002473e-05,"tensor(0.8063, device='cuda:0')",COMPLETE
385,0.42902231216430664,2023-10-30 13:50:01.133879,2023-10-30 13:50:01.920946,0 days 00:00:00.787067,Leaky,Tanh,81,24,14.0,0.001127391385721424,2,133,0.42696138486070706,0.0002661682822275202,"tensor(0.4290, device='cuda:0')",COMPLETE
386,0.36389845609664917,2023-10-30 13:50:01.921377,2023-10-30 13:50:02.272820,0 days 00:00:00.351443,Tanh,Sigmoid,86,23,12.0,0.023243346619123292,2,413,0.6160414338555085,1.3957749651196281e-05,"tensor(0.3639, device='cuda:0')",COMPLETE
387,0.2354145050048828,2023-10-30 13:50:02.273270,2023-10-30 13:50:03.212800,0 days 00:00:00.939530,Leaky,Sigmoid,47,22,10.0,0.007941384598372004,2,99,0.6853610960526294,7.556246758473363e-05,"tensor(0.2354, device='cuda:0')",COMPLETE
388,0.4142330586910248,2023-10-30 13:50:03.213269,2023-10-30 13:50:04.208364,0 days 00:00:00.995095,Leaky,Sigmoid,47,21,10.0,0.004487708242073819,2,83,0.688561796821416,7.398587515032876e-05,"tensor(0.4142, device='cuda:0')",COMPLETE
389,0.3085554242134094,2023-10-30 13:50:04.208836,2023-10-30 13:50:04.730151,0 days 00:00:00.521315,Leaky,Leaky,48,22,10.0,0.009261150985770223,2,106,0.3496918228584895,0.0001875897524328277,"tensor(0.3086, device='cuda:0')",COMPLETE
390,0.24268518388271332,2023-10-30 13:50:04.730602,2023-10-30 13:50:05.806648,0 days 00:00:01.076046,Leaky,Sigmoid,50,20,9.0,0.014327880477773664,2,91,0.7248889958931521,0.00016169560449405266,"tensor(0.2427, device='cuda:0')",COMPLETE
391,0.36099886894226074,2023-10-30 13:50:05.807086,2023-10-30 13:50:06.883865,0 days 00:00:01.076779,Leaky,Sigmoid,49,21,9.0,0.012320373167542644,2,92,0.7130207823647107,3.355356409736018e-05,"tensor(0.3610, device='cuda:0')",COMPLETE
392,0.25511330366134644,2023-10-30 13:50:06.884332,2023-10-30 13:50:07.722133,0 days 00:00:00.837801,Leaky,Sigmoid,51,22,8.0,0.013455447499928856,2,79,0.6747104945053277,4.575517929035579e-05,"tensor(0.2551, device='cuda:0')",COMPLETE
393,0.3594960868358612,2023-10-30 13:50:07.722603,2023-10-30 13:50:08.384889,0 days 00:00:00.662286,Leaky,Sigmoid,50,20,8.0,0.011322412711633615,2,73,0.6750732508572886,6.253462117700211e-05,"tensor(0.3595, device='cuda:0')",COMPLETE
394,0.46113941073417664,2023-10-30 13:50:08.385353,2023-10-30 13:50:09.313693,0 days 00:00:00.928340,Tanh,Sigmoid,53,19,9.0,0.013522155413546974,2,91,0.684997189520302,5.356122319986791e-05,"tensor(0.4611, device='cuda:0')",COMPLETE
395,0.2793012261390686,2023-10-30 13:50:09.314150,2023-10-30 13:50:11.139002,0 days 00:00:01.824852,Leaky,Sigmoid,19,17,8.0,0.010661496923175364,2,81,0.6497255051470835,0.0003494822672344222,"tensor(0.2793, device='cuda:0')",COMPLETE
396,0.3830428123474121,2023-10-30 13:50:11.139468,2023-10-30 13:50:11.950275,0 days 00:00:00.810807,ReLU,Sigmoid,51,20,8.0,0.008250445247919144,2,389,0.7276926811841069,3.655889145518155e-05,"tensor(0.3830, device='cuda:0')",COMPLETE
397,0.3242124021053314,2023-10-30 13:50:11.950737,2023-10-30 13:50:13.239658,0 days 00:00:01.288921,Leaky,Sigmoid,24,21,8.0,0.015987094940768467,2,68,0.7060965094663321,4.942511340499208e-05,"tensor(0.3242, device='cuda:0')",COMPLETE
398,0.33332887291908264,2023-10-30 13:50:13.240088,2023-10-30 13:50:13.642996,0 days 00:00:00.402908,Leaky,Sigmoid,48,22,7.0,0.09993847470157476,2,98,0.7436040836705649,4.543738209451556e-05,"tensor(0.3333, device='cuda:0')",COMPLETE
399,0.4996824264526367,2023-10-30 13:50:13.643461,2023-10-30 13:50:14.216544,0 days 00:00:00.573083,Leaky,Sigmoid,50,22,9.0,0.006593283954371897,2,83,0.4111721666262412,2.2963188966080227e-05,"tensor(0.4997, device='cuda:0')",COMPLETE
400,0.40039950609207153,2023-10-30 13:50:14.217006,2023-10-30 13:50:14.962442,0 days 00:00:00.745436,Leaky,Tanh,55,21,10.0,0.007992798745550214,2,76,0.6611261261303206,0.0002335196185631355,"tensor(0.4004, device='cuda:0')",COMPLETE
401,0.43592679500579834,2023-10-30 13:50:14.962877,2023-10-30 13:50:15.684465,0 days 00:00:00.721588,Sigmoid,ReLU,52,23,9.0,0.012918740258779414,2,64,0.6926916772229995,4.352075622841978e-05,"tensor(0.4359, device='cuda:0')",COMPLETE
402,0.32116061449050903,2023-10-30 13:50:15.684918,2023-10-30 13:50:16.001173,0 days 00:00:00.316255,Leaky,,46,22,,0.08221352684087704,1,101,0.744531637360468,2.6715721984849477e-05,"tensor(0.3212, device='cuda:0')",COMPLETE
403,0.29118812084198,2023-10-30 13:50:16.001632,2023-10-30 13:50:18.765451,0 days 00:00:02.763819,Tanh,Sigmoid,53,22,10.0,0.006664510878643926,2,402,0.6411385741339406,0.0002901830748664829,"tensor(0.2912, device='cuda:0')",COMPLETE
404,0.2592083811759949,2023-10-30 13:50:18.765889,2023-10-30 13:50:19.260215,0 days 00:00:00.494326,Leaky,Sigmoid,49,22,9.0,0.017552595860747464,2,89,0.7758578068272711,0.00017364916877729051,"tensor(0.2592, device='cuda:0')",COMPLETE
405,0.25334376096725464,2023-10-30 13:50:19.260665,2023-10-30 13:50:20.942271,0 days 00:00:01.681606,Leaky,Sigmoid,51,13,8.0,0.00556611718484284,2,289,0.7169789804132058,4.264720705588031e-05,"tensor(0.2533, device='cuda:0')",COMPLETE
406,0.28925713896751404,2023-10-30 13:50:20.942721,2023-10-30 13:50:24.159673,0 days 00:00:03.216952,Leaky,Sigmoid,51,17,8.0,0.0018777699533628442,2,288,0.7137811836128374,4.21988298705116e-05,"tensor(0.2893, device='cuda:0')",COMPLETE
407,0.40953850746154785,2023-10-30 13:50:24.160131,2023-10-30 13:50:24.718762,0 days 00:00:00.558631,Leaky,Sigmoid,54,14,7.0,0.007930917121356582,2,313,0.6841271691482235,3.234846407176395e-05,"tensor(0.4095, device='cuda:0')",COMPLETE
408,0.2505609393119812,2023-10-30 13:50:24.719223,2023-10-30 13:50:25.870909,0 days 00:00:01.151686,Leaky,Sigmoid,48,21,8.0,0.006371317372767399,2,93,0.7426761089807076,3.023381905572388e-05,"tensor(0.2506, device='cuda:0')",COMPLETE
409,0.34417617321014404,2023-10-30 13:50:25.871390,2023-10-30 13:50:27.909636,0 days 00:00:02.038246,Leaky,Sigmoid,50,21,8.0,0.005672677708133112,2,252,0.764067575647429,2.6275214333994663e-05,"tensor(0.3442, device='cuda:0')",COMPLETE
410,0.37196189165115356,2023-10-30 13:50:27.910075,2023-10-30 13:50:29.741269,0 days 00:00:01.831194,Leaky,Sigmoid,52,21,8.0,0.006294716137257702,2,233,0.7436350584190459,3.0732346824476985e-05,"tensor(0.3720, device='cuda:0')",COMPLETE
411,0.4159514307975769,2023-10-30 13:50:29.741715,2023-10-30 13:50:32.815995,0 days 00:00:03.074280,Leaky,Sigmoid,48,11,8.0,0.005276375765552333,2,269,0.7208901446822394,4.707611431267398e-05,"tensor(0.4160, device='cuda:0')",COMPLETE
412,0.34637200832366943,2023-10-30 13:50:32.816426,2023-10-30 13:50:35.568286,0 days 00:00:02.751860,Leaky,Sigmoid,12,21,7.0,0.004516515402543619,2,192,0.3730550356124871,3.542474234818921e-05,"tensor(0.3464, device='cuda:0')",COMPLETE
413,0.4095741808414459,2023-10-30 13:50:35.568807,2023-10-30 13:50:36.406330,0 days 00:00:00.837523,Leaky,Sigmoid,55,20,7.0,0.007634751394454296,2,329,0.7969608488192689,4.118594307426677e-05,"tensor(0.4096, device='cuda:0')",COMPLETE
414,0.27769219875335693,2023-10-30 13:50:36.406779,2023-10-30 13:50:37.256259,0 days 00:00:00.849480,Leaky,Sigmoid,51,22,9.0,0.003909091573616364,2,298,0.28523942242953537,2.9386745735247425e-05,"tensor(0.2777, device='cuda:0')",COMPLETE
415,0.2693229019641876,2023-10-30 13:50:37.256704,2023-10-30 13:50:38.148863,0 days 00:00:00.892159,Leaky,Leaky,59,13,9.0,0.006028988499496906,2,86,0.736864256732923,1.74514406332605e-05,"tensor(0.2693, device='cuda:0')",COMPLETE
416,0.3577529489994049,2023-10-30 13:50:38.149303,2023-10-30 13:50:39.326390,0 days 00:00:01.177087,Leaky,Tanh,27,21,8.0,0.009200871033711127,2,344,0.7697146035013382,6.141624636702766e-05,"tensor(0.3578, device='cuda:0')",COMPLETE
417,0.5620992183685303,2023-10-30 13:50:39.326836,2023-10-30 13:50:40.026170,0 days 00:00:00.699334,ReLU,Sigmoid,47,9,8.0,0.0030026730427061598,2,85,0.465756961447852,3.8178952901873144e-05,"tensor(0.5621, device='cuda:0')",COMPLETE
418,0.3303276002407074,2023-10-30 13:50:40.026634,2023-10-30 13:50:41.230860,0 days 00:00:01.204226,Leaky,Sigmoid,53,19,9.0,0.006905357607710351,2,484,0.7030932241939023,2.3446255278878347e-05,"tensor(0.3303, device='cuda:0')",COMPLETE
419,0.2786257863044739,2023-10-30 13:50:41.231290,2023-10-30 13:50:42.783621,0 days 00:00:01.552331,Leaky,Sigmoid,49,22,7.0,0.005003908985513226,2,277,0.7243771970086015,0.00040017364893546106,"tensor(0.2786, device='cuda:0')",COMPLETE
420,0.3033715486526489,2023-10-30 13:50:42.784068,2023-10-30 13:50:43.913538,0 days 00:00:01.129470,Leaky,Sigmoid,54,6,10.0,0.06467306106309696,2,380,0.7986924641540731,0.002704931205919679,"tensor(0.3034, device='cuda:0')",COMPLETE
421,0.3620445132255554,2023-10-30 13:50:43.913959,2023-10-30 13:50:44.483282,0 days 00:00:00.569323,Leaky,Sigmoid,57,22,9.0,0.009640825587429269,2,59,0.6690421300316477,5.637864074644624e-05,"tensor(0.3620, device='cuda:0')",COMPLETE
422,0.3152793347835541,2023-10-30 13:50:44.483747,2023-10-30 13:50:44.666261,0 days 00:00:00.182514,Leaky,Sigmoid,50,15,10.0,0.04495043472896777,2,99,0.3788777485064127,4.018370065923085e-05,"tensor(0.3153, device='cuda:0')",COMPLETE
423,0.6788773536682129,2023-10-30 13:50:44.666711,2023-10-30 13:50:48.665852,0 days 00:00:03.999141,Leaky,Sigmoid,46,4,20.0,0.007225536255802648,2,366,0.7571812068542243,0.013038773422985197,"tensor(0.6789, device='cuda:0')",COMPLETE
424,0.5145695209503174,2023-10-30 13:50:48.666298,2023-10-30 13:50:49.432624,0 days 00:00:00.766326,Leaky,Sigmoid,61,22,9.0,0.0005223615355515699,2,78,0.6931478622667782,7.207270556044152e-05,"tensor(0.5146, device='cuda:0')",COMPLETE
425,0.37380075454711914,2023-10-30 13:50:49.433080,2023-10-30 13:50:49.758366,0 days 00:00:00.325286,Leaky,Sigmoid,52,12,6.0,0.07508498105805021,2,181,0.7325940148932798,1.6058064957701857e-05,"tensor(0.3738, device='cuda:0')",COMPLETE
426,0.8110208511352539,2023-10-30 13:50:49.758814,2023-10-30 13:50:50.257211,0 days 00:00:00.498397,Leaky,Sigmoid,56,18,8.0,0.0046091222866113755,2,91,0.3400827070851003,0.04499947989320012,"tensor(0.8110, device='cuda:0')",COMPLETE
427,0.32328876852989197,2023-10-30 13:50:50.257659,2023-10-30 13:50:53.800257,0 days 00:00:03.542598,Leaky,ReLU,49,8,21.0,0.0014645587221678062,2,295,0.7691961924665526,0.00045675229436647146,"tensor(0.3233, device='cuda:0')",COMPLETE
428,0.3599417209625244,2023-10-30 13:50:53.800704,2023-10-30 13:50:55.086477,0 days 00:00:01.285773,Leaky,Sigmoid,58,22,20.0,0.0018201225934883587,2,205,0.43492855046591444,2.2560174050898383e-05,"tensor(0.3599, device='cuda:0')",COMPLETE
429,0.28765249252319336,2023-10-30 13:50:55.086940,2023-10-30 13:50:56.001716,0 days 00:00:00.914776,ReLU,Tanh,51,21,8.0,0.011529217133354214,2,174,0.6695800040068158,4.936083426485323e-05,"tensor(0.2877, device='cuda:0')",COMPLETE
430,0.3682209849357605,2023-10-30 13:50:56.002516,2023-10-30 13:50:56.752651,0 days 00:00:00.750135,Leaky,Sigmoid,55,22,10.0,0.0032857272039075736,2,71,0.7058989127154706,3.328387336554892e-05,"tensor(0.3682, device='cuda:0')",COMPLETE
431,0.3951844871044159,2023-10-30 13:50:56.753080,2023-10-30 13:50:57.253772,0 days 00:00:00.500692,Leaky,Sigmoid,46,23,9.0,0.051995664963014276,2,97,0.6436245699781994,0.0007718871568025642,"tensor(0.3952, device='cuda:0')",COMPLETE
432,0.2826593220233917,2023-10-30 13:50:57.254237,2023-10-30 13:50:59.824610,0 days 00:00:02.570373,Sigmoid,Sigmoid,48,22,21.0,0.0027039009295238697,2,221,0.7485169338850877,0.00025700768004434827,"tensor(0.2827, device='cuda:0')",COMPLETE
433,0.35211366415023804,2023-10-30 13:50:59.825069,2023-10-30 13:51:02.560632,0 days 00:00:02.735563,Leaky,Sigmoid,54,16,7.0,0.003850034984913781,2,261,0.7169700132191259,0.0005640329970774793,"tensor(0.3521, device='cuda:0')",COMPLETE
434,0.29994460940361023,2023-10-30 13:51:02.561067,2023-10-30 13:51:03.272954,0 days 00:00:00.711887,Leaky,Sigmoid,51,20,8.0,0.008914107879146671,2,110,0.36483958741001016,0.0003121505644885181,"tensor(0.2999, device='cuda:0')",COMPLETE
435,0.34046369791030884,2023-10-30 13:51:03.273386,2023-10-30 13:51:04.091683,0 days 00:00:00.818297,Leaky,Sigmoid,60,21,20.0,0.01523345937090926,2,312,0.4456287522385572,1.1266436583329376e-05,"tensor(0.3405, device='cuda:0')",COMPLETE
436,0.34935930371284485,2023-10-30 13:51:04.092136,2023-10-30 13:51:05.209638,0 days 00:00:01.117502,Leaky,Sigmoid,44,23,19.0,0.0342653624563023,2,189,0.6783943416410215,0.0001639800803415324,"tensor(0.3494, device='cuda:0')",COMPLETE
437,0.3486195206642151,2023-10-30 13:51:05.210063,2023-10-30 13:51:05.812751,0 days 00:00:00.602688,Leaky,,53,22,,0.006048240486719394,1,162,0.6410211883659577,8.323842618415113e-05,"tensor(0.3486, device='cuda:0')",COMPLETE
438,0.5944098830223083,2023-10-30 13:51:05.813192,2023-10-30 13:51:06.960988,0 days 00:00:01.147796,Leaky,Sigmoid,47,23,23.0,0.0009364109686219349,2,89,0.7731444480784682,0.020911353599509595,"tensor(0.5944, device='cuda:0')",COMPLETE
439,0.29388266801834106,2023-10-30 13:51:06.961430,2023-10-30 13:51:07.433711,0 days 00:00:00.472281,Leaky,Sigmoid,57,23,10.0,0.06527799587193,2,359,0.7999738622994599,0.0019536369001197543,"tensor(0.2939, device='cuda:0')",COMPLETE
440,0.3355986773967743,2023-10-30 13:51:07.434160,2023-10-30 13:51:07.729676,0 days 00:00:00.295516,Leaky,Sigmoid,50,23,9.0,0.04708628039760337,2,103,0.49262376424206333,0.00023958016267842255,"tensor(0.3356, device='cuda:0')",COMPLETE
441,0.41320255398750305,2023-10-30 13:51:07.730114,2023-10-30 13:51:08.718884,0 days 00:00:00.988770,ReLU,Sigmoid,48,23,19.0,0.012205574493026406,2,173,0.7413863305190662,0.00019828386803731051,"tensor(0.4132, device='cuda:0')",COMPLETE
442,0.36160942912101746,2023-10-30 13:51:08.719346,2023-10-30 13:51:09.502735,0 days 00:00:00.783389,Leaky,Leaky,52,22,11.0,0.0052796635180916845,2,74,0.6993365355389238,0.00013614062544144937,"tensor(0.3616, device='cuda:0')",COMPLETE
443,0.5672345757484436,2023-10-30 13:51:09.503223,2023-10-30 13:51:10.658402,0 days 00:00:01.155179,Leaky,Sigmoid,55,23,7.0,0.00020653446381704467,2,117,0.6561831063095597,0.0011848007512402054,"tensor(0.5672, device='cuda:0')",COMPLETE
444,0.40336647629737854,2023-10-30 13:51:10.658857,2023-10-30 13:51:10.864287,0 days 00:00:00.205430,Leaky,Tanh,45,22,21.0,0.04136607367297309,2,282,0.2342659060712319,0.0015990423535236955,"tensor(0.4034, device='cuda:0')",COMPLETE
445,0.6831605434417725,2023-10-30 13:51:10.864774,2023-10-30 13:51:11.430403,0 days 00:00:00.565629,Leaky,Sigmoid,63,23,10.0,0.002130556762692613,2,243,0.13053468517336034,0.00033879484397384335,"tensor(0.6832, device='cuda:0')",COMPLETE
446,0.500679075717926,2023-10-30 13:51:11.430848,2023-10-30 13:51:11.868104,0 days 00:00:00.437256,Leaky,Sigmoid,50,21,24.0,0.007941103278863673,2,81,0.30884446993465775,7.216644659848244e-05,"tensor(0.5007, device='cuda:0')",COMPLETE
447,0.3531104624271393,2023-10-30 13:51:11.868559,2023-10-30 13:51:12.574214,0 days 00:00:00.705655,Leaky,Sigmoid,57,23,11.0,0.019594044319656518,2,94,0.7276429393173067,0.0001629833288019618,"tensor(0.3531, device='cuda:0')",COMPLETE
448,0.36275362968444824,2023-10-30 13:51:12.574672,2023-10-30 13:51:13.894115,0 days 00:00:01.319443,Leaky,Sigmoid,59,21,8.0,0.0012529205116275698,2,198,0.6269065473312868,5.7487822244890705e-05,"tensor(0.3628, device='cuda:0')",COMPLETE
449,0.33240899443626404,2023-10-30 13:51:13.894571,2023-10-30 13:51:14.133273,0 days 00:00:00.238702,Leaky,Sigmoid,53,23,18.0,0.02899444888593109,2,165,0.2972333935342456,9.896188255363707e-05,"tensor(0.3324, device='cuda:0')",COMPLETE
450,0.4892721474170685,2023-10-30 13:51:14.133726,2023-10-30 13:51:14.934431,0 days 00:00:00.800705,Leaky,Sigmoid,49,22,15.0,0.02199160534804885,2,373,0.6892478106946869,0.0011811288906053838,"tensor(0.4893, device='cuda:0')",COMPLETE
451,0.48533564805984497,2023-10-30 13:51:14.934875,2023-10-30 13:51:15.144656,0 days 00:00:00.209781,Leaky,Sigmoid,66,24,19.0,0.010608380393464553,2,182,0.14703040882090468,0.0037178075075487735,"tensor(0.4853, device='cuda:0')",COMPLETE
452,0.3652894198894501,2023-10-30 13:51:15.145080,2023-10-30 13:51:15.594994,0 days 00:00:00.449914,Sigmoid,ReLU,72,24,9.0,0.015380284078549864,2,107,0.3299058613191721,0.00026689219501644046,"tensor(0.3653, device='cuda:0')",COMPLETE
453,0.405039519071579,2023-10-30 13:51:15.595450,2023-10-30 13:51:16.299441,0 days 00:00:00.703991,ReLU,Sigmoid,24,23,8.0,0.08183155250342959,2,214,0.7580915614892655,0.00020420215734633763,"tensor(0.4050, device='cuda:0')",COMPLETE
454,0.9443272352218628,2023-10-30 13:51:16.299930,2023-10-30 13:51:16.483417,0 days 00:00:00.183487,Leaky,Sigmoid,47,24,10.0,0.05716112974751165,2,396,0.7137216429054914,0.08565921473401365,"tensor(0.9443, device='cuda:0')",COMPLETE
455,0.31208866834640503,2023-10-30 13:51:16.483862,2023-10-30 13:51:17.212080,0 days 00:00:00.728218,Leaky,Sigmoid,55,11,9.0,0.036871131621660565,2,122,0.6746078721612158,0.00035344572689686895,"tensor(0.3121, device='cuda:0')",COMPLETE
456,0.5945440530776978,2023-10-30 13:51:17.212559,2023-10-30 13:51:18.977582,0 days 00:00:01.765023,Leaky,Sigmoid,51,23,21.0,0.0003645567393774541,2,148,0.7750570922118047,0.00013422939475113524,"tensor(0.5945, device='cuda:0')",COMPLETE
457,0.4045664072036743,2023-10-30 13:51:18.978043,2023-10-30 13:51:20.056303,0 days 00:00:01.078260,Leaky,Tanh,53,22,20.0,0.0009845327877350174,2,95,0.7368722681491047,0.0006149599028593175,"tensor(0.4046, device='cuda:0')",COMPLETE
458,0.3151938021183014,2023-10-30 13:51:20.056755,2023-10-30 13:51:20.452066,0 days 00:00:00.395311,Leaky,Sigmoid,44,24,16.0,0.02630403316847481,2,159,0.6297842465819842,4.262197582574087e-05,"tensor(0.3152, device='cuda:0')",COMPLETE
459,0.49298182129859924,2023-10-30 13:51:20.452514,2023-10-30 13:51:20.954609,0 days 00:00:00.502095,Leaky,Sigmoid,49,20,22.0,0.002482508123234622,2,114,0.25176855628055783,0.0009100929307767294,"tensor(0.4930, device='cuda:0')",COMPLETE
460,0.27371475100517273,2023-10-30 13:51:20.955068,2023-10-30 13:51:22.283278,0 days 00:00:01.328210,Leaky,Sigmoid,58,23,15.0,0.014229234793112855,2,306,0.6580820628233679,0.00016783033661690796,"tensor(0.2737, device='cuda:0')",COMPLETE
