number,value,datetime_start,datetime_complete,duration,params_a_1,params_a_2,params_batch_size,params_l_1,params_l_2,params_learning_rate,params_n_layers,params_num_epochs,params_train_size,params_weight_decay,user_attrs_mse,state
461,0.31460413336753845,2023-10-30 13:51:22.283736,2023-10-30 13:51:23.115694,0 days 00:00:00.831958,Leaky,Sigmoid,46,24,11.0,0.006636389449535272,2,474,0.39150962552343666,0.00024115532651752472,"tensor(0.3146, device='cuda:0')",COMPLETE
462,0.4457607567310333,2023-10-30 13:51:23.116136,2023-10-30 13:51:23.716800,0 days 00:00:00.600664,Leaky,Sigmoid,56,8,7.0,0.0037671836150496418,2,136,0.2803277748765801,0.00020735653269695058,"tensor(0.4458, device='cuda:0')",COMPLETE
463,0.46261343359947205,2023-10-30 13:51:23.717273,2023-10-30 13:51:23.916122,0 days 00:00:00.198849,Leaky,Sigmoid,29,22,8.0,0.03260256633511083,2,83,0.10154947684100538,3.142246220389069e-05,"tensor(0.4626, device='cuda:0')",COMPLETE
464,0.3186303377151489,2023-10-30 13:51:23.916604,2023-10-30 13:51:27.938200,0 days 00:00:04.021596,Leaky,Sigmoid,52,21,19.0,0.0015844017908759791,2,349,0.7757642458683466,0.0004611650611092769,"tensor(0.3186, device='cuda:0')",COMPLETE
465,0.3683565855026245,2023-10-30 13:51:27.938639,2023-10-30 13:51:28.052794,0 days 00:00:00.114155,ReLU,Leaky,61,23,18.0,0.0209733917068063,2,103,0.16300082695764512,8.923386805512312e-05,"tensor(0.3684, device='cuda:0')",COMPLETE
466,0.467942476272583,2023-10-30 13:51:28.053253,2023-10-30 13:51:28.850098,0 days 00:00:00.796845,Leaky,Sigmoid,48,10,20.0,0.0007468195779134277,2,60,0.7999727641173678,0.0001102504948146314,"tensor(0.4679, device='cuda:0')",COMPLETE
467,0.41907623410224915,2023-10-30 13:51:28.850542,2023-10-30 13:51:30.204692,0 days 00:00:01.354150,Leaky,Sigmoid,54,24,10.0,0.004990136367203519,2,324,0.4733157823390026,5.3448329817922255e-05,"tensor(0.4191, device='cuda:0')",COMPLETE
468,0.33312591910362244,2023-10-30 13:51:30.205174,2023-10-30 13:51:30.792267,0 days 00:00:00.587093,Leaky,Sigmoid,50,13,10.0,0.046305859109421685,2,173,0.7018858282220063,0.0002940430237892641,"tensor(0.3331, device='cuda:0')",COMPLETE
469,0.3804652690887451,2023-10-30 13:51:30.792736,2023-10-30 13:51:31.328831,0 days 00:00:00.536095,Leaky,Sigmoid,52,15,9.0,0.009736527124241773,2,381,0.2690008818906673,6.63500886576145e-05,"tensor(0.3805, device='cuda:0')",COMPLETE
470,0.36111778020858765,2023-10-30 13:51:31.329279,2023-10-30 13:51:31.884329,0 days 00:00:00.555050,Leaky,Tanh,47,24,15.0,0.017416086394522357,2,184,0.7329977270774931,1.977348308842454e-05,"tensor(0.3611, device='cuda:0')",COMPLETE
471,0.35323646664619446,2023-10-30 13:51:31.884786,2023-10-30 13:51:32.087225,0 days 00:00:00.202439,Leaky,Sigmoid,56,22,18.0,0.026258765300552316,2,154,0.22274787046698657,0.00014728719092467178,"tensor(0.3532, device='cuda:0')",COMPLETE
472,0.41963839530944824,2023-10-30 13:51:32.087706,2023-10-30 13:51:32.773762,0 days 00:00:00.686056,Tanh,Sigmoid,45,7,22.0,0.012959229049876864,2,144,0.26238035557250194,0.0024839567761407895,"tensor(0.4196, device='cuda:0')",COMPLETE
473,0.29583820700645447,2023-10-30 13:51:32.774223,2023-10-30 13:51:32.985022,0 days 00:00:00.210799,Leaky,Sigmoid,60,23,20.0,0.03331451610168436,2,129,0.4076193336179274,0.000193217021300372,"tensor(0.2958, device='cuda:0')",COMPLETE
474,0.321920245885849,2023-10-30 13:51:32.985470,2023-10-30 13:51:33.255337,0 days 00:00:00.269867,Leaky,Sigmoid,75,23,11.0,0.05533402411859883,2,111,0.3629225707986603,0.0003855300799659424,"tensor(0.3219, device='cuda:0')",COMPLETE
475,0.9620893001556396,2023-10-30 13:51:33.255788,2023-10-30 13:51:33.897364,0 days 00:00:00.641576,Sigmoid,Sigmoid,100,24,8.0,9.611208371326733e-05,2,95,0.6714299699502853,0.00012659247815561831,"tensor(0.9621, device='cuda:0')",COMPLETE
476,0.24194104969501495,2023-10-30 13:51:33.897836,2023-10-30 13:51:34.228260,0 days 00:00:00.330424,Leaky,Sigmoid,69,23,9.0,0.0715499428376944,2,163,0.6126449787576765,0.00023235381927163824,"tensor(0.2419, device='cuda:0')",COMPLETE
477,0.3509521186351776,2023-10-30 13:51:34.228716,2023-10-30 13:51:34.344469,0 days 00:00:00.115753,Leaky,ReLU,69,23,10.0,0.07873586106567984,2,158,0.19156133318480703,0.00025796021934749736,"tensor(0.3510, device='cuda:0')",COMPLETE
478,0.433371901512146,2023-10-30 13:51:34.344896,2023-10-30 13:51:34.468481,0 days 00:00:00.123585,ReLU,Sigmoid,62,5,9.0,0.06704437351569988,2,166,0.20891438692890418,0.00022438606075289878,"tensor(0.4334, device='cuda:0')",COMPLETE
479,0.3389570713043213,2023-10-30 13:51:34.468925,2023-10-30 13:51:34.733434,0 days 00:00:00.264509,Leaky,Sigmoid,77,24,21.0,0.06622293473076671,2,168,0.6334855471184088,0.000179254086342246,"tensor(0.3390, device='cuda:0')",COMPLETE
480,0.332050621509552,2023-10-30 13:51:34.733871,2023-10-30 13:51:35.035394,0 days 00:00:00.301523,Leaky,Sigmoid,70,23,17.0,0.08692472611580017,2,182,0.5766312631014014,0.00030522971532616805,"tensor(0.3321, device='cuda:0')",COMPLETE
481,0.41998255252838135,2023-10-30 13:51:35.035898,2023-10-30 13:51:35.164853,0 days 00:00:00.128955,Leaky,,66,24,,0.04265225703434247,1,150,0.32287740693494676,0.00015122057067718268,"tensor(0.4200, device='cuda:0')",COMPLETE
482,0.9225409626960754,2023-10-30 13:51:35.165283,2023-10-30 13:51:36.127283,0 days 00:00:00.962000,Tanh,Sigmoid,64,24,10.0,1.9988330651903135e-05,2,197,0.34113580757291995,0.0051691447023224715,"tensor(0.9225, device='cuda:0')",COMPLETE
483,0.3920120298862457,2023-10-30 13:51:36.127773,2023-10-30 13:51:36.718231,0 days 00:00:00.590458,Leaky,Sigmoid,59,14,11.0,0.054223249789461095,2,177,0.620986898292257,0.00022250495248542126,"tensor(0.3920, device='cuda:0')",COMPLETE
484,0.46004152297973633,2023-10-30 13:51:36.718688,2023-10-30 13:51:38.108717,0 days 00:00:01.390029,Leaky,Sigmoid,58,23,9.0,0.005746715424841421,2,166,0.5982363162165438,0.0002791534050015227,"tensor(0.4600, device='cuda:0')",COMPLETE
485,0.27265265583992004,2023-10-30 13:51:38.109174,2023-10-30 13:51:38.595144,0 days 00:00:00.485970,Leaky,Tanh,56,24,14.0,0.036543690085737504,2,142,0.7688890255263972,0.0001801634316122763,"tensor(0.2727, device='cuda:0')",COMPLETE
486,0.5039888024330139,2023-10-30 13:51:38.595601,2023-10-30 13:51:38.856028,0 days 00:00:00.260427,Leaky,Sigmoid,78,23,19.0,0.08720462167104706,2,158,0.4567056189602811,0.0003522207211712558,"tensor(0.5040, device='cuda:0')",COMPLETE
487,0.4290924072265625,2023-10-30 13:51:38.856513,2023-10-30 13:51:38.967045,0 days 00:00:00.110532,Leaky,Sigmoid,74,24,15.0,0.07165302608461403,2,123,0.22545861804589346,9.337503805369277e-05,"tensor(0.4291, device='cuda:0')",COMPLETE
488,0.32579106092453003,2023-10-30 13:51:38.967487,2023-10-30 13:51:40.008693,0 days 00:00:01.041206,Leaky,Sigmoid,43,23,18.0,0.027948526505126563,2,134,0.7433507977020615,0.00011824607847668588,"tensor(0.3258, device='cuda:0')",COMPLETE
489,0.2832653820514679,2023-10-30 13:51:40.009145,2023-10-30 13:51:41.709949,0 days 00:00:01.700804,Leaky,Sigmoid,64,24,11.0,0.003643907143174194,2,187,0.7078042167489597,0.00022556919197581617,"tensor(0.2833, device='cuda:0')",COMPLETE
490,0.5530615448951721,2023-10-30 13:51:41.710403,2023-10-30 13:51:42.163386,0 days 00:00:00.452983,Tanh,Sigmoid,67,1,9.0,0.048360815215441236,2,153,0.18635373401545932,0.00015685477476459466,"tensor(0.5531, device='cuda:0')",COMPLETE
491,0.4274868071079254,2023-10-30 13:51:42.163870,2023-10-30 13:51:42.405656,0 days 00:00:00.241786,Leaky,Leaky,71,23,16.0,0.007699464731451702,2,405,0.5977830574629927,7.901134945976667e-05,"tensor(0.4275, device='cuda:0')",COMPLETE
492,0.3738955557346344,2023-10-30 13:51:42.406132,2023-10-30 13:51:43.452257,0 days 00:00:01.046125,ReLU,Sigmoid,31,24,14.0,0.02297994979146735,2,338,0.6504860732911749,0.0004737014983357935,"tensor(0.3739, device='cuda:0')",COMPLETE
493,0.39655986428260803,2023-10-30 13:51:43.452721,2023-10-30 13:51:43.729809,0 days 00:00:00.277088,Leaky,Sigmoid,54,24,17.0,0.03959186750943933,2,172,0.751754500971846,1.577991403442987e-05,"tensor(0.3966, device='cuda:0')",COMPLETE
494,0.36274778842926025,2023-10-30 13:51:43.730257,2023-10-30 13:51:44.148030,0 days 00:00:00.417773,Leaky,Sigmoid,49,23,20.0,0.002234570811269592,2,106,0.2138155839085673,1.3226811172370651e-05,"tensor(0.3627, device='cuda:0')",COMPLETE
495,0.3288288116455078,2023-10-30 13:51:44.148504,2023-10-30 13:51:45.733662,0 days 00:00:01.585158,Leaky,Sigmoid,47,24,21.0,0.0031872175693758277,2,140,0.6988184111901319,0.0002657956908268553,"tensor(0.3288, device='cuda:0')",COMPLETE
496,0.5641301274299622,2023-10-30 13:51:45.734146,2023-10-30 13:51:46.471385,0 days 00:00:00.737239,Leaky,Sigmoid,60,23,14.0,0.029525182682559326,2,389,0.6135257472648059,0.028161116638499045,"tensor(0.5641, device='cuda:0')",COMPLETE
497,0.4013998508453369,2023-10-30 13:51:46.471851,2023-10-30 13:51:50.749441,0 days 00:00:04.277590,Leaky,Sigmoid,57,24,19.0,0.0008703500946988551,2,418,0.7229545912535037,0.0068259518510516565,"tensor(0.4014, device='cuda:0')",COMPLETE
498,0.46672162413597107,2023-10-30 13:51:50.749879,2023-10-30 13:51:51.003297,0 days 00:00:00.253418,Leaky,Tanh,54,22,15.0,0.09655790327716547,2,268,0.5083882375917474,0.00018892936860922372,"tensor(0.4667, device='cuda:0')",COMPLETE
499,0.32420530915260315,2023-10-30 13:51:51.003767,2023-10-30 13:51:53.547165,0 days 00:00:02.543398,Leaky,Sigmoid,98,23,10.0,0.004355373731478409,2,458,0.7772494534544403,0.00013324634685819885,"tensor(0.3242, device='cuda:0')",COMPLETE
