number,value,datetime_start,datetime_complete,duration,params_a_1,params_a_2,params_batch_size,params_l_1,params_l_2,params_learning_rate,params_n_layers,params_num_epochs,params_train_size,params_weight_decay,user_attrs_mse,state
0,0.4805920422077179,2023-10-30 13:45:00.704730,2023-10-30 13:45:01.253828,0 days 00:00:00.549098,Sigmoid,ReLU,88,13,11.0,0.001367489044408609,2,178,0.15794727765584488,8.540525693751255e-05,"tensor(0.4806, device='cuda:0')",COMPLETE
1,0.4062519967556,2023-10-30 13:45:01.254740,2023-10-30 13:45:03.389190,0 days 00:00:02.134450,Sigmoid,Tanh,49,3,6.0,0.013633610117283026,2,386,0.5736733061793567,0.000264469695209064,"tensor(0.4063, device='cuda:0')",COMPLETE
2,0.44255706667900085,2023-10-30 13:45:03.389552,2023-10-30 13:45:04.569298,0 days 00:00:01.179746,Leaky,,31,13,,0.0033411334970742074,1,494,0.1781416407528255,2.7725018202977618e-05,"tensor(0.4426, device='cuda:0')",COMPLETE
3,0.634253203868866,2023-10-30 13:45:04.569669,2023-10-30 13:45:08.159793,0 days 00:00:03.590124,Tanh,,19,20,,1.3555849117649197e-05,1,321,0.386940873807162,1.5302096704485108e-05,"tensor(0.6343, device='cuda:0')",COMPLETE
4,0.4479527473449707,2023-10-30 13:45:08.160164,2023-10-30 13:45:08.490703,0 days 00:00:00.330539,Leaky,ReLU,47,7,6.0,0.09289150894161272,2,407,0.6268467833774175,1.874352357511325e-05,"tensor(0.4480, device='cuda:0')",COMPLETE
5,0.999688446521759,2023-10-30 13:45:08.491096,2023-10-30 13:45:08.596856,0 days 00:00:00.105760,Tanh,Sigmoid,62,1,24.0,0.056348715262661955,2,127,0.2612438620598473,0.02195122595924728,"tensor(0.9997, device='cuda:0')",COMPLETE
6,1.1825542449951172,2023-10-30 13:45:08.597224,2023-10-30 13:45:09.127644,0 days 00:00:00.530420,Sigmoid,,92,23,,0.00013423099872538014,1,244,0.24010026947410085,2.9073992353077845e-05,"tensor(1.1826, device='cuda:0')",COMPLETE
7,0.42507195472717285,2023-10-30 13:45:09.128012,2023-10-30 13:45:09.556439,0 days 00:00:00.428427,Tanh,ReLU,11,20,4.0,0.04617123930442498,2,436,0.20112164500810933,0.0007745984358118375,"tensor(0.4251, device='cuda:0')",COMPLETE
8,0.5075763463973999,2023-10-30 13:45:09.556842,2023-10-30 13:45:10.616926,0 days 00:00:01.060084,Leaky,Leaky,43,4,5.0,0.00814247391866302,2,433,0.6314166539173428,0.047861412899080566,"tensor(0.5076, device='cuda:0')",COMPLETE
9,0.5234843492507935,2023-10-30 13:45:10.617306,2023-10-30 13:45:11.655898,0 days 00:00:01.038592,Sigmoid,,68,24,,0.0034802696009805525,1,225,0.41300262584100916,0.004243066786997568,"tensor(0.5235, device='cuda:0')",COMPLETE
10,1.2127723693847656,2023-10-30 13:45:11.656275,2023-10-30 13:45:12.228794,0 days 00:00:00.572519,ReLU,Tanh,75,8,17.0,0.00031488567005242445,2,328,0.11155236722576427,0.0003893200251732984,"tensor(1.2128, device='cuda:0')",COMPLETE
11,0.6125587224960327,2023-10-30 13:45:12.229176,2023-10-30 13:45:13.912953,0 days 00:00:01.683777,Tanh,Tanh,10,17,1.0,0.021670739679666297,2,371,0.773940899409705,0.0007735854161835683,"tensor(0.6126, device='cuda:0')",COMPLETE
12,0.2979099154472351,2023-10-30 13:45:13.913345,2023-10-30 13:45:14.470359,0 days 00:00:00.557014,ReLU,Tanh,29,17,8.0,0.01627582378200888,2,491,0.3842860957981716,0.00026751685055922736,"tensor(0.2979, device='cuda:0')",COMPLETE
13,0.44591349363327026,2023-10-30 13:45:14.470735,2023-10-30 13:45:15.185417,0 days 00:00:00.714682,ReLU,Tanh,36,10,10.0,0.00940634078913725,2,493,0.3930564798940436,0.0002610386980797066,"tensor(0.4459, device='cuda:0')",COMPLETE
14,0.28235286474227905,2023-10-30 13:45:15.185817,2023-10-30 13:45:15.510823,0 days 00:00:00.325006,ReLU,Tanh,53,15,16.0,0.022406243458628305,2,360,0.4665037718177939,0.000147269468422898,"tensor(0.2824, device='cuda:0')",COMPLETE
15,0.602844774723053,2023-10-30 13:45:15.511224,2023-10-30 13:45:15.777576,0 days 00:00:00.266352,ReLU,Tanh,31,16,17.0,0.028242075959503548,2,304,0.29898442681532195,0.0001212997731660255,"tensor(0.6028, device='cuda:0')",COMPLETE
16,0.3990960717201233,2023-10-30 13:45:15.777980,2023-10-30 13:45:16.028849,0 days 00:00:00.250869,ReLU,Leaky,57,16,15.0,0.024813860578663114,2,453,0.47549611224611343,0.002833111834054373,"tensor(0.3991, device='cuda:0')",COMPLETE
17,0.3922159671783447,2023-10-30 13:45:16.029235,2023-10-30 13:45:16.658168,0 days 00:00:00.628933,ReLU,,22,18,,0.005738550994129621,1,70,0.32912068610351813,9.738709741559647e-05,"tensor(0.3922, device='cuda:0')",COMPLETE
18,0.34518828988075256,2023-10-30 13:45:16.658538,2023-10-30 13:45:16.927527,0 days 00:00:00.268989,ReLU,Sigmoid,74,11,20.0,0.0778149032564622,2,357,0.4926772028153109,0.002692101559856909,"tensor(0.3452, device='cuda:0')",COMPLETE
19,0.43138939142227173,2023-10-30 13:45:16.927895,2023-10-30 13:45:17.415492,0 days 00:00:00.487597,ReLU,Tanh,39,14,13.0,0.013385118150931883,2,282,0.32198428405122165,6.235079745482965e-05,"tensor(0.4314, device='cuda:0')",COMPLETE
20,0.2809848487377167,2023-10-30 13:45:17.415869,2023-10-30 13:45:20.529409,0 days 00:00:03.113540,ReLU,,55,21,,0.0023054213893458093,1,467,0.7841921667917136,0.00018381635860917228,"tensor(0.2810, device='cuda:0')",COMPLETE
21,0.38329535722732544,2023-10-30 13:45:20.529786,2023-10-30 13:45:21.285888,0 days 00:00:00.756102,ReLU,,54,21,,0.0019812134172262266,1,472,0.7635897938382898,0.0002898198923182479,"tensor(0.3833, device='cuda:0')",COMPLETE
22,0.4167477786540985,2023-10-30 13:45:21.286280,2023-10-30 13:45:21.959459,0 days 00:00:00.673179,ReLU,,80,19,,0.005705615971624815,1,415,0.5150831302537886,4.487792123572891e-05,"tensor(0.4167, device='cuda:0')",COMPLETE
23,0.5427770018577576,2023-10-30 13:45:21.959848,2023-10-30 13:45:24.512139,0 days 00:00:02.552291,ReLU,,64,22,,0.0008367175805666923,1,350,0.6424503806251206,0.00015802162450623546,"tensor(0.5428, device='cuda:0')",COMPLETE
24,0.35162705183029175,2023-10-30 13:45:24.512526,2023-10-30 13:45:25.031387,0 days 00:00:00.518861,ReLU,,52,15,,0.034851428185985224,1,460,0.4392860879642444,4.8557117888665284e-05,"tensor(0.3516, device='cuda:0')",COMPLETE
25,0.3449302911758423,2023-10-30 13:45:25.031771,2023-10-30 13:45:25.365527,0 days 00:00:00.333756,ReLU,Tanh,100,18,9.0,0.015509855411707078,2,494,0.36028506386670966,0.00017373540122958116,"tensor(0.3449, device='cuda:0')",COMPLETE
26,0.4741440415382385,2023-10-30 13:45:25.365915,2023-10-30 13:45:25.642603,0 days 00:00:00.276688,ReLU,,23,11,,0.037842707264411544,1,394,0.5386701061271923,0.00046436714538205853,"tensor(0.4741, device='cuda:0')",COMPLETE
27,0.3507488965988159,2023-10-30 13:45:25.642985,2023-10-30 13:45:26.065225,0 days 00:00:00.422240,ReLU,Tanh,57,22,21.0,0.008281066557534385,2,422,0.46127653725002055,0.00012215231157138476,"tensor(0.3507, device='cuda:0')",COMPLETE
28,0.35564595460891724,2023-10-30 13:45:26.065601,2023-10-30 13:45:26.990935,0 days 00:00:00.925334,Leaky,,29,15,,0.018828203506219495,1,456,0.7103453925939807,1.116972186523349e-05,"tensor(0.3556, device='cuda:0')",COMPLETE
29,0.3526575267314911,2023-10-30 13:45:26.991315,2023-10-30 13:45:28.648585,0 days 00:00:01.657270,Sigmoid,Leaky,38,13,14.0,0.0012968519703663575,2,153,0.5563546863778258,7.183393027737097e-05,"tensor(0.3527, device='cuda:0')",COMPLETE
30,0.38798004388809204,2023-10-30 13:45:28.648961,2023-10-30 13:45:28.899437,0 days 00:00:00.250476,ReLU,Sigmoid,45,18,9.0,0.090984356022262,2,216,0.3474357144910305,0.000565923940419203,"tensor(0.3880, device='cuda:0')",COMPLETE
31,0.36282503604888916,2023-10-30 13:45:28.899823,2023-10-30 13:45:29.052197,0 days 00:00:00.152374,ReLU,Tanh,98,18,8.0,0.01762261247836611,2,490,0.37152498902359027,0.00021314694934682361,"tensor(0.3628, device='cuda:0')",COMPLETE
32,0.29062914848327637,2023-10-30 13:45:29.052576,2023-10-30 13:45:29.495856,0 days 00:00:00.443280,ReLU,Tanh,80,20,11.0,0.016062605145747807,2,477,0.42537796286054946,0.0001745311288827597,"tensor(0.2906, device='cuda:0')",COMPLETE
33,0.34376031160354614,2023-10-30 13:45:29.496228,2023-10-30 13:45:29.729090,0 days 00:00:00.232862,ReLU,Tanh,84,20,16.0,0.045201633725935685,2,393,0.4518511451277135,8.779494263501679e-05,"tensor(0.3438, device='cuda:0')",COMPLETE
34,0.3087480664253235,2023-10-30 13:45:29.729461,2023-10-30 13:45:31.090141,0 days 00:00:01.360680,ReLU,Tanh,69,24,12.0,0.003738381038751747,2,466,0.5954428804127784,0.00033623340395236366,"tensor(0.3087, device='cuda:0')",COMPLETE
35,0.3715289235115051,2023-10-30 13:45:31.090522,2023-10-30 13:45:31.459696,0 days 00:00:00.369174,Leaky,Tanh,61,21,19.0,0.011710492133862108,2,436,0.4226618268417159,0.00020352768858797104,"tensor(0.3715, device='cuda:0')",COMPLETE
36,0.5460706949234009,2023-10-30 13:45:31.460073,2023-10-30 13:45:34.581677,0 days 00:00:03.121604,Sigmoid,Tanh,50,16,2.0,0.025893743778999206,2,370,0.5395925847619936,0.0013970081059569918,"tensor(0.5461, device='cuda:0')",COMPLETE
37,0.3981446623802185,2023-10-30 13:45:34.582047,2023-10-30 13:45:35.548716,0 days 00:00:00.966669,Tanh,Tanh,76,14,12.0,0.006016764780498573,2,479,0.6836323956697857,2.7257846068338003e-05,"tensor(0.3981, device='cuda:0')",COMPLETE
38,0.3382808268070221,2023-10-30 13:45:35.549109,2023-10-30 13:45:37.317637,0 days 00:00:01.768528,ReLU,,94,19,,0.002167724388811749,1,407,0.582420580840208,0.00011638524884979197,"tensor(0.3383, device='cuda:0')",COMPLETE
39,0.4694705605506897,2023-10-30 13:45:37.318052,2023-10-30 13:45:37.407758,0 days 00:00:00.089706,Leaky,ReLU,87,22,8.0,0.05071982877553707,2,441,0.2811338737484185,0.00044291248730460867,"tensor(0.4695, device='cuda:0')",COMPLETE
40,0.40830057859420776,2023-10-30 13:45:37.408123,2023-10-30 13:45:37.974158,0 days 00:00:00.566035,Tanh,Sigmoid,43,20,14.0,0.011901591037531706,2,306,0.389920570933156,4.5845372261539586e-05,"tensor(0.4083, device='cuda:0')",COMPLETE
41,0.3856709897518158,2023-10-30 13:45:37.974531,2023-10-30 13:45:39.462118,0 days 00:00:01.487587,ReLU,Tanh,69,24,12.0,0.003387350380479565,2,470,0.603905490013893,0.00019062928550456023,"tensor(0.3857, device='cuda:0')",COMPLETE
42,0.27592626214027405,2023-10-30 13:45:39.462524,2023-10-30 13:45:40.423083,0 days 00:00:00.960559,ReLU,Tanh,81,23,11.0,0.004091285952103613,2,497,0.7940299504854057,0.000282110101164498,"tensor(0.2759, device='cuda:0')",COMPLETE
43,0.36579498648643494,2023-10-30 13:45:40.423496,2023-10-30 13:45:40.969138,0 days 00:00:00.545642,ReLU,Tanh,83,23,10.0,0.007620614702053425,2,491,0.7769395431196771,0.00027174767349327105,"tensor(0.3658, device='cuda:0')",COMPLETE
44,0.26545625925064087,2023-10-30 13:45:40.969534,2023-10-30 13:45:41.345640,0 days 00:00:00.376106,ReLU,Tanh,90,21,11.0,0.01596656465086599,2,434,0.6577607762251594,0.00013598283243630775,"tensor(0.2655, device='cuda:0')",COMPLETE
45,0.36005690693855286,2023-10-30 13:45:41.346031,2023-10-30 13:45:42.367881,0 days 00:00:01.021850,Sigmoid,Leaky,92,21,11.0,0.010538836070570375,2,428,0.7957857353574991,8.152851632659851e-05,"tensor(0.3601, device='cuda:0')",COMPLETE
46,0.3150840103626251,2023-10-30 13:45:42.368268,2023-10-30 13:45:43.054557,0 days 00:00:00.686289,ReLU,ReLU,89,23,14.0,0.004573896694559989,2,336,0.690246030983581,0.00014356148764988727,"tensor(0.3151, device='cuda:0')",COMPLETE
47,0.40566280484199524,2023-10-30 13:45:43.054958,2023-10-30 13:45:45.771442,0 days 00:00:02.716484,ReLU,Tanh,77,6,6.0,0.002412500668404194,2,382,0.6559791268895196,0.0006786153038572175,"tensor(0.4057, device='cuda:0')",COMPLETE
48,0.29825150966644287,2023-10-30 13:45:45.771811,2023-10-30 13:45:46.248684,0 days 00:00:00.476873,Tanh,Tanh,64,19,16.0,0.024625888055943984,2,444,0.7090018855234468,0.0004390146145617379,"tensor(0.2983, device='cuda:0')",COMPLETE
49,0.3922092914581299,2023-10-30 13:45:46.249079,2023-10-30 13:45:47.019199,0 days 00:00:00.770120,ReLU,,72,22,,0.007306187274167754,1,399,0.5044762814264372,0.001066108359963605,"tensor(0.3922, device='cuda:0')",COMPLETE
50,0.2879287004470825,2023-10-30 13:45:47.019569,2023-10-30 13:45:47.749042,0 days 00:00:00.729473,ReLU,ReLU,81,20,18.0,0.005260939939497984,2,420,0.6186152716695182,0.00011640599957361554,"tensor(0.2879, device='cuda:0')",COMPLETE
51,0.3364185690879822,2023-10-30 13:45:47.749411,2023-10-30 13:45:48.642120,0 days 00:00:00.892709,ReLU,ReLU,82,20,23.0,0.005308268040468708,2,414,0.6215310779301176,0.00013256004743716093,"tensor(0.3364, device='cuda:0')",COMPLETE
52,0.3042334020137787,2023-10-30 13:45:48.642532,2023-10-30 13:45:49.607289,0 days 00:00:00.964757,ReLU,ReLU,87,21,18.0,0.010050489491571122,2,451,0.7281809771908107,0.00010067880801740335,"tensor(0.3042, device='cuda:0')",COMPLETE
53,0.44272807240486145,2023-10-30 13:45:49.607687,2023-10-30 13:45:51.475975,0 days 00:00:01.868288,ReLU,ReLU,60,23,11.0,0.003714898202660346,2,479,0.6592652532241277,0.00032632444726524433,"tensor(0.4427, device='cuda:0')",COMPLETE
54,0.3457798659801483,2023-10-30 13:45:51.476372,2023-10-30 13:45:51.774612,0 days 00:00:00.298240,ReLU,ReLU,79,19,22.0,0.016117125392214323,2,500,0.5620013169505159,0.0002028406251369752,"tensor(0.3458, device='cuda:0')",COMPLETE
55,0.3640269935131073,2023-10-30 13:45:51.775010,2023-10-30 13:45:52.058436,0 days 00:00:00.283426,ReLU,ReLU,48,17,18.0,0.06219317226930182,2,378,0.795074006026058,6.31528086165732e-05,"tensor(0.3640, device='cuda:0')",COMPLETE
56,0.375016987323761,2023-10-30 13:45:52.058863,2023-10-30 13:45:52.297760,0 days 00:00:00.238897,Leaky,Tanh,96,24,13.0,0.03353020619008296,2,423,0.7345152603120904,0.00014953745046079103,"tensor(0.3750, device='cuda:0')",COMPLETE
57,0.7107517719268799,2023-10-30 13:45:52.298140,2023-10-30 13:45:53.936139,0 days 00:00:01.637999,ReLU,Sigmoid,88,1,15.0,0.0026050571574161396,2,252,0.6290652494612768,0.00026843366866799624,"tensor(0.7108, device='cuda:0')",COMPLETE
58,0.3641941547393799,2023-10-30 13:45:53.936529,2023-10-30 13:45:55.568211,0 days 00:00:01.631682,Sigmoid,,92,9,,0.021368339967228388,1,352,0.5064368911400544,9.14106554273642e-05,"tensor(0.3642, device='cuda:0')",COMPLETE
59,0.29976892471313477,2023-10-30 13:45:55.568660,2023-10-30 13:45:56.153649,0 days 00:00:00.584989,ReLU,Leaky,66,21,6.0,0.013714458377955397,2,67,0.6752991202974875,5.924760429781788e-05,"tensor(0.2998, device='cuda:0')",COMPLETE
60,0.35844117403030396,2023-10-30 13:45:56.154033,2023-10-30 13:45:56.784619,0 days 00:00:00.630586,ReLU,Tanh,72,20,10.0,0.0073436675725877,2,456,0.5823337188515956,3.1040963258802584e-05,"tensor(0.3584, device='cuda:0')",COMPLETE
61,0.43548163771629333,2023-10-30 13:45:56.785028,2023-10-30 13:45:57.202211,0 days 00:00:00.417183,ReLU,Tanh,13,17,8.0,0.031238791803520086,2,475,0.46770095875731027,0.0002322115908362861,"tensor(0.4355, device='cuda:0')",COMPLETE
62,0.32028841972351074,2023-10-30 13:45:57.202619,2023-10-30 13:45:58.390428,0 days 00:00:01.187809,ReLU,Tanh,57,15,7.0,0.01758560416519762,2,483,0.7320321658421443,0.0003414288253710492,"tensor(0.3203, device='cuda:0')",COMPLETE
63,0.32930395007133484,2023-10-30 13:45:58.390830,2023-10-30 13:45:59.711657,0 days 00:00:01.320827,ReLU,Tanh,32,17,10.0,0.00972178869477174,2,500,0.44129213260701133,0.00017977827273927,"tensor(0.3293, device='cuda:0')",COMPLETE
64,0.30183255672454834,2023-10-30 13:45:59.712073,2023-10-30 13:46:00.299647,0 days 00:00:00.587574,ReLU,Tanh,85,18,4.0,0.004970520958251358,2,460,0.4206188976518605,8.850380464086432e-05,"tensor(0.3018, device='cuda:0')",COMPLETE
65,0.3844686448574066,2023-10-30 13:46:00.300031,2023-10-30 13:46:03.370233,0 days 00:00:03.070202,ReLU,Tanh,27,22,20.0,0.0015560895304870045,2,435,0.39818438752378466,0.00012777430830801027,"tensor(0.3845, device='cuda:0')",COMPLETE
66,0.3656332492828369,2023-10-30 13:46:03.370608,2023-10-30 13:46:03.916522,0 days 00:00:00.545914,ReLU,Tanh,79,14,9.0,0.014283331257443183,2,97,0.5319977960763623,0.0005396245186585022,"tensor(0.3656, device='cuda:0')",COMPLETE
67,0.3402685225009918,2023-10-30 13:46:03.916914,2023-10-30 13:46:04.370084,0 days 00:00:00.453170,Tanh,,53,16,,0.020735029325529435,1,450,0.47677120111920795,0.0003627192523192568,"tensor(0.3403, device='cuda:0')",COMPLETE
68,0.29572850465774536,2023-10-30 13:46:04.370461,2023-10-30 13:46:04.747602,0 days 00:00:00.377141,ReLU,Tanh,91,19,17.0,0.04351091204530204,2,406,0.6222254226826692,0.00025652934346004293,"tensor(0.2957, device='cuda:0')",COMPLETE
69,0.25202804803848267,2023-10-30 13:46:04.748001,2023-10-30 13:46:05.003423,0 days 00:00:00.255422,ReLU,Tanh,100,23,17.0,0.06421652315333393,2,408,0.6458513445897361,0.00015189335945792548,"tensor(0.2520, device='cuda:0')",COMPLETE
70,0.341584175825119,2023-10-30 13:46:05.003826,2023-10-30 13:46:05.188200,0 days 00:00:00.184374,ReLU,Leaky,100,23,16.0,0.07610904006600905,2,418,0.6551819009145874,0.000160285660655136,"tensor(0.3416, device='cuda:0')",COMPLETE
71,0.35172176361083984,2023-10-30 13:46:05.188614,2023-10-30 13:46:05.433802,0 days 00:00:00.245188,ReLU,Tanh,91,22,18.0,0.053428564530697935,2,365,0.6175593389442001,0.00010680232524657365,"tensor(0.3517, device='cuda:0')",COMPLETE
72,0.3528273105621338,2023-10-30 13:46:05.434178,2023-10-30 13:46:05.671244,0 days 00:00:00.237066,ReLU,Tanh,97,21,17.0,0.040701793107273926,2,393,0.7507204490416141,0.00024448122694948097,"tensor(0.3528, device='cuda:0')",COMPLETE
73,0.3860849142074585,2023-10-30 13:46:05.671649,2023-10-30 13:46:06.028211,0 days 00:00:00.356562,ReLU,Tanh,90,19,19.0,0.02946303585611797,2,401,0.5717202813437261,0.00016937280949554887,"tensor(0.3861, device='cuda:0')",COMPLETE
74,0.3490503430366516,2023-10-30 13:46:06.028607,2023-10-30 13:46:06.230179,0 days 00:00:00.201572,ReLU,Tanh,95,20,13.0,0.09575982421705583,2,429,0.7003896021426466,0.00011101319414042542,"tensor(0.3491, device='cuda:0')",COMPLETE
75,0.2861484885215759,2023-10-30 13:46:06.230559,2023-10-30 13:46:06.522280,0 days 00:00:00.291721,Leaky,Sigmoid,81,24,15.0,0.043760838598426235,2,470,0.606054501528749,7.415465701053358e-05,"tensor(0.2861, device='cuda:0')",COMPLETE
76,0.3642365336418152,2023-10-30 13:46:06.522670,2023-10-30 13:46:06.703483,0 days 00:00:00.180813,Leaky,Sigmoid,82,24,15.0,0.06126034854024924,2,464,0.5536040889399275,6.785042308904182e-05,"tensor(0.3642, device='cuda:0')",COMPLETE
77,0.2514113783836365,2023-10-30 13:46:06.703886,2023-10-30 13:46:07.276704,0 days 00:00:00.572818,Leaky,Sigmoid,73,23,14.0,0.025480643129299915,2,441,0.764141474702608,7.55578354581705e-05,"tensor(0.2514, device='cuda:0')",COMPLETE
78,0.4611036479473114,2023-10-30 13:46:07.277107,2023-10-30 13:46:07.532430,0 days 00:00:00.255323,Leaky,Sigmoid,73,23,16.0,0.038129716172040994,2,438,0.7586316145870928,7.33930401956735e-05,"tensor(0.4611, device='cuda:0')",COMPLETE
79,0.318147212266922,2023-10-30 13:46:07.532811,2023-10-30 13:46:08.847465,0 days 00:00:01.314654,Leaky,,86,12,,0.02258289447939934,1,445,0.6809176360561756,4.750775342677003e-05,"tensor(0.3181, device='cuda:0')",COMPLETE
80,0.26658114790916443,2023-10-30 13:46:08.847855,2023-10-30 13:46:09.577784,0 days 00:00:00.729929,Leaky,Sigmoid,50,24,15.0,0.02833024937431255,2,186,0.7191845051298642,0.00012626389349957375,"tensor(0.2666, device='cuda:0')",COMPLETE
81,0.24393989145755768,2023-10-30 13:46:09.578180,2023-10-30 13:46:09.989306,0 days 00:00:00.411126,Leaky,Sigmoid,46,24,15.0,0.030045482460936277,2,174,0.7968340812429922,0.00013415553152262223,"tensor(0.2439, device='cuda:0')",COMPLETE
82,0.2807687520980835,2023-10-30 13:46:09.989699,2023-10-30 13:46:10.338082,0 days 00:00:00.348383,Leaky,Sigmoid,45,24,14.0,0.02659491620254174,2,197,0.7455191959458762,8.665001372364145e-05,"tensor(0.2808, device='cuda:0')",COMPLETE
83,0.3184293806552887,2023-10-30 13:46:10.338480,2023-10-30 13:46:10.990514,0 days 00:00:00.652034,Leaky,Sigmoid,45,23,14.0,0.03248084826717815,2,182,0.7943137881190507,0.00013846104799162395,"tensor(0.3184, device='cuda:0')",COMPLETE
84,0.29865095019340515,2023-10-30 13:46:10.990897,2023-10-30 13:46:11.552185,0 days 00:00:00.561288,Leaky,Sigmoid,42,24,13.0,0.025389523475835344,2,183,0.7302288805171196,5.4510622944946215e-05,"tensor(0.2987, device='cuda:0')",COMPLETE
85,0.38458314538002014,2023-10-30 13:46:11.552585,2023-10-30 13:46:12.143543,0 days 00:00:00.590958,Leaky,Sigmoid,50,23,14.0,0.02763632180760656,2,211,0.7464994138313419,8.128845496547979e-05,"tensor(0.3846, device='cuda:0')",COMPLETE
86,0.27300775051116943,2023-10-30 13:46:12.143937,2023-10-30 13:46:12.702597,0 days 00:00:00.558660,Leaky,Sigmoid,52,22,12.0,0.019585413898362287,2,166,0.7962706027273889,0.0002113922697560374,"tensor(0.2730, device='cuda:0')",COMPLETE
87,0.32730478048324585,2023-10-30 13:46:12.702976,2023-10-30 13:46:13.401540,0 days 00:00:00.698564,Leaky,Sigmoid,40,22,12.0,0.012333374046523288,2,147,0.7068483814928678,3.749468874464534e-05,"tensor(0.3273, device='cuda:0')",COMPLETE
88,0.23091883957386017,2023-10-30 13:46:13.401947,2023-10-30 13:46:14.207739,0 days 00:00:00.805792,Leaky,Sigmoid,55,24,11.0,0.01941360965566869,2,166,0.7810507984643222,0.00020540779735091517,"tensor(0.2309, device='cuda:0')",COMPLETE
89,0.4107102155685425,2023-10-30 13:46:14.208120,2023-10-30 13:46:14.698515,0 days 00:00:00.490395,Leaky,Sigmoid,47,24,11.0,0.01860519612445969,2,168,0.7649955961815681,0.00010413422351411022,"tensor(0.4107, device='cuda:0')",COMPLETE
90,0.3686428368091583,2023-10-30 13:46:14.698898,2023-10-30 13:46:15.050937,0 days 00:00:00.352039,Leaky,Sigmoid,59,22,12.0,0.07011956444427238,2,199,0.6631690436941776,0.000222088146699057,"tensor(0.3686, device='cuda:0')",COMPLETE
91,0.262236088514328,2023-10-30 13:46:15.051346,2023-10-30 13:46:15.755251,0 days 00:00:00.703905,Leaky,Sigmoid,55,23,13.0,0.05610920204504189,2,130,0.7961699854170103,0.00019363160721633347,"tensor(0.2622, device='cuda:0')",COMPLETE
92,0.26422250270843506,2023-10-30 13:46:15.755648,2023-10-30 13:46:16.237326,0 days 00:00:00.481678,Leaky,Sigmoid,55,23,13.0,0.05300450896009845,2,123,0.767382411854792,0.00020397438661359926,"tensor(0.2642, device='cuda:0')",COMPLETE
