number,value,datetime_start,datetime_complete,duration,params_a_1,params_a_2,params_batch_size,params_l_1,params_l_2,params_learning_rate,params_n_layers,params_num_epochs,params_train_size,params_weight_decay,user_attrs_mse,state
277,0.33950185775756836,2023-10-30 13:48:20.879042,2023-10-30 13:48:22.173801,0 days 00:00:01.294759,Leaky,Sigmoid,42,24,13.0,0.001767616713807539,2,170,0.37519513751852646,0.00012975441666918694,"tensor(0.3395, device='cuda:0')",COMPLETE
278,0.24244417250156403,2023-10-30 13:48:22.174239,2023-10-30 13:48:22.611060,0 days 00:00:00.436821,Leaky,Sigmoid,61,23,8.0,0.053159785033034465,2,81,0.6546578502674086,0.0002693859843677964,"tensor(0.2424, device='cuda:0')",COMPLETE
279,0.3121495544910431,2023-10-30 13:48:22.611490,2023-10-30 13:48:23.058490,0 days 00:00:00.447000,Leaky,Sigmoid,62,23,14.0,0.038905300211222904,2,100,0.6580221949492326,0.0002700466916411656,"tensor(0.3121, device='cuda:0')",COMPLETE
280,0.34237366914749146,2023-10-30 13:48:23.058936,2023-10-30 13:48:23.522367,0 days 00:00:00.463431,Leaky,Sigmoid,58,24,7.0,0.06040290087826893,2,89,0.4957040127170013,0.0003901220824452879,"tensor(0.3424, device='cuda:0')",COMPLETE
281,0.38833320140838623,2023-10-30 13:48:23.522817,2023-10-30 13:48:23.910003,0 days 00:00:00.387186,Leaky,Sigmoid,61,23,15.0,0.04667905179658451,2,75,0.7110032439060748,0.00028396209440215045,"tensor(0.3883, device='cuda:0')",COMPLETE
282,0.30977198481559753,2023-10-30 13:48:23.910434,2023-10-30 13:48:24.273673,0 days 00:00:00.363239,Leaky,,60,24,,0.05432867343312704,1,140,0.7532529623996969,0.00021896095715008947,"tensor(0.3098, device='cuda:0')",COMPLETE
283,0.3129159212112427,2023-10-30 13:48:24.274054,2023-10-30 13:48:24.665670,0 days 00:00:00.391616,Leaky,Sigmoid,47,9,16.0,0.03888430522071033,2,75,0.34630937094266323,0.0003233239692012445,"tensor(0.3129, device='cuda:0')",COMPLETE
284,0.35391470789909363,2023-10-30 13:48:24.666073,2023-10-30 13:48:25.112668,0 days 00:00:00.446595,Leaky,Sigmoid,56,23,12.0,0.025588702995602102,2,85,0.6296338386407181,0.0004684760640940717,"tensor(0.3539, device='cuda:0')",COMPLETE
285,0.36908814311027527,2023-10-30 13:48:25.113090,2023-10-30 13:48:26.048660,0 days 00:00:00.935570,Leaky,Sigmoid,64,13,13.0,0.022046454219742353,2,112,0.7999776691448445,0.00023718129433015396,"tensor(0.3691, device='cuda:0')",COMPLETE
286,0.3778480291366577,2023-10-30 13:48:26.049103,2023-10-30 13:48:26.349978,0 days 00:00:00.300875,Leaky,Sigmoid,67,24,14.0,0.03199285032537786,2,160,0.6920670107601019,0.00018294263236510322,"tensor(0.3778, device='cuda:0')",COMPLETE
287,0.3112243115901947,2023-10-30 13:48:26.350395,2023-10-30 13:48:26.792529,0 days 00:00:00.442134,Tanh,Sigmoid,40,14,7.0,0.04784145905825477,2,81,0.7417976181611678,0.0003956494818836465,"tensor(0.3112, device='cuda:0')",COMPLETE
288,0.3383893072605133,2023-10-30 13:48:26.792960,2023-10-30 13:48:27.139284,0 days 00:00:00.346324,Leaky,Sigmoid,49,23,15.0,0.06877819426516105,2,238,0.5721969701606754,0.00015290799850016274,"tensor(0.3384, device='cuda:0')",COMPLETE
289,0.31114497780799866,2023-10-30 13:48:27.139702,2023-10-30 13:48:28.101604,0 days 00:00:00.961902,Leaky,Sigmoid,78,24,14.0,0.003100136471004362,2,123,0.6686965785034071,0.00026916426243158017,"tensor(0.3111, device='cuda:0')",COMPLETE
290,0.31100645661354065,2023-10-30 13:48:28.102021,2023-10-30 13:48:28.621817,0 days 00:00:00.519796,Leaky,Leaky,43,23,13.0,0.018457027066145326,2,59,0.5983261075111703,0.00010852239846558476,"tensor(0.3110, device='cuda:0')",COMPLETE
291,0.2151288092136383,2023-10-30 13:48:28.622269,2023-10-30 13:48:30.005413,0 days 00:00:01.383144,Leaky,Sigmoid,54,24,21.0,0.02798399781426701,2,381,0.7709566757347102,0.0002095141906245223,"tensor(0.2151, device='cuda:0')",COMPLETE
292,0.3157193958759308,2023-10-30 13:48:30.005885,2023-10-30 13:48:30.423345,0 days 00:00:00.417460,Leaky,Sigmoid,54,24,21.0,0.026049047751779856,2,394,0.4750788030805669,0.00021572801435427357,"tensor(0.3157, device='cuda:0')",COMPLETE
293,0.2647946774959564,2023-10-30 13:48:30.423781,2023-10-30 13:48:31.020592,0 days 00:00:00.596811,Leaky,Sigmoid,51,24,21.0,0.03101178756560764,2,387,0.7239413121388564,0.0003419775784904049,"tensor(0.2648, device='cuda:0')",COMPLETE
294,0.2944874167442322,2023-10-30 13:48:31.021015,2023-10-30 13:48:32.137582,0 days 00:00:01.116567,Leaky,Sigmoid,34,24,21.0,0.022854503004002772,2,358,0.6412650593021794,6.315099809582392e-05,"tensor(0.2945, device='cuda:0')",COMPLETE
295,0.3186451494693756,2023-10-30 13:48:32.138019,2023-10-30 13:48:33.388401,0 days 00:00:01.250382,Leaky,Sigmoid,46,12,9.0,0.012340798308748431,2,256,0.7994213912556876,0.0006563979072055137,"tensor(0.3186, device='cuda:0')",COMPLETE
296,0.2663910984992981,2023-10-30 13:48:33.388803,2023-10-30 13:48:33.605421,0 days 00:00:00.216618,Leaky,Sigmoid,38,24,17.0,0.0363514154120647,2,400,0.397803349616716,0.0001740722728338563,"tensor(0.2664, device='cuda:0')",COMPLETE
297,0.3784535229206085,2023-10-30 13:48:33.605875,2023-10-30 13:48:34.891516,0 days 00:00:01.285641,Tanh,Sigmoid,45,24,15.0,0.028540656034817032,2,98,0.766921139395258,0.0019002804238282978,"tensor(0.3785, device='cuda:0')",COMPLETE
298,0.30195990204811096,2023-10-30 13:48:34.891949,2023-10-30 13:48:35.326190,0 days 00:00:00.434241,Leaky,Sigmoid,72,24,7.0,0.018113837379203357,2,176,0.7134983401043855,0.0002763833747181304,"tensor(0.3020, device='cuda:0')",COMPLETE
299,0.23171639442443848,2023-10-30 13:48:35.326607,2023-10-30 13:48:36.122346,0 days 00:00:00.795739,Leaky,Sigmoid,85,23,20.0,0.006298778303316221,2,106,0.6854158091421638,8.496128011057113e-05,"tensor(0.2317, device='cuda:0')",COMPLETE
300,0.31931769847869873,2023-10-30 13:48:36.122794,2023-10-30 13:48:38.674127,0 days 00:00:02.551333,Leaky,Sigmoid,57,22,22.0,0.004890988697203464,2,345,0.6183895147582137,8.863334966656799e-05,"tensor(0.3193, device='cuda:0')",COMPLETE
301,0.3923318684101105,2023-10-30 13:48:38.674555,2023-10-30 13:48:39.148407,0 days 00:00:00.473852,Leaky,ReLU,82,23,20.0,0.006204984705921919,2,148,0.5437518064883687,4.447072258301841e-05,"tensor(0.3923, device='cuda:0')",COMPLETE
302,0.35108911991119385,2023-10-30 13:48:39.148848,2023-10-30 13:48:40.851392,0 days 00:00:01.702544,Sigmoid,Sigmoid,98,23,21.0,0.005506668008911851,2,371,0.6793026555741691,0.00047026137990279095,"tensor(0.3511, device='cuda:0')",COMPLETE
303,0.5421077013015747,2023-10-30 13:48:40.851818,2023-10-30 13:48:41.000434,0 days 00:00:00.148616,Leaky,Sigmoid,86,23,20.0,0.004212733506861023,2,89,0.10280197818461398,0.0002082123417980033,"tensor(0.5421, device='cuda:0')",COMPLETE
304,0.3543922007083893,2023-10-30 13:48:41.000851,2023-10-30 13:48:43.188506,0 days 00:00:02.187655,Leaky,Sigmoid,49,22,21.0,0.007596122772827022,2,162,0.7474522824810473,0.000612163191053777,"tensor(0.3544, device='cuda:0')",COMPLETE
305,0.5061753988265991,2023-10-30 13:48:43.188932,2023-10-30 13:48:44.076407,0 days 00:00:00.887475,Leaky,Sigmoid,84,23,22.0,0.001108343519259801,2,106,0.771977216762692,0.0001480787033483118,"tensor(0.5062, device='cuda:0')",COMPLETE
306,0.295754998922348,2023-10-30 13:48:44.076846,2023-10-30 13:48:45.080023,0 days 00:00:01.003177,Leaky,Sigmoid,80,24,23.0,0.022370033228852806,2,414,0.6510488646278597,0.0007445951011929983,"tensor(0.2958, device='cuda:0')",COMPLETE
307,0.2357727587223053,2023-10-30 13:48:45.080456,2023-10-30 13:48:48.590686,0 days 00:00:03.510230,Tanh,Sigmoid,54,24,12.0,0.0024947809170988234,2,326,0.7041522091255343,0.00011621622796549383,"tensor(0.2358, device='cuda:0')",COMPLETE
308,0.39963313937187195,2023-10-30 13:48:48.591123,2023-10-30 13:48:51.773067,0 days 00:00:03.181944,Tanh,Sigmoid,54,23,11.0,0.002252732492239701,2,383,0.6049383048464614,0.00011196464510215575,"tensor(0.3996, device='cuda:0')",COMPLETE
309,0.3979766070842743,2023-10-30 13:48:51.773511,2023-10-30 13:48:53.588366,0 days 00:00:01.814855,Tanh,Sigmoid,53,24,8.0,0.0012637869731226665,2,178,0.6722073470660342,7.322833325331642e-05,"tensor(0.3980, device='cuda:0')",COMPLETE
310,0.4455234706401825,2023-10-30 13:48:53.588800,2023-10-30 13:48:55.146537,0 days 00:00:01.557737,Tanh,Sigmoid,59,16,12.0,0.003190918846046706,2,169,0.5832759993848237,0.00013939142907576916,"tensor(0.4455, device='cuda:0')",COMPLETE
311,0.8534098863601685,2023-10-30 13:48:55.146974,2023-10-30 13:48:55.226731,0 days 00:00:00.079757,Tanh,Sigmoid,56,23,20.0,0.03916431115424888,2,200,0.23969449501976087,0.09010560599730773,"tensor(0.8534, device='cuda:0')",COMPLETE
312,0.3442590832710266,2023-10-30 13:48:55.227148,2023-10-30 13:48:56.146506,0 days 00:00:00.919358,Tanh,Leaky,51,24,12.0,0.03381290592921618,2,426,0.7004905128937507,0.00011553766589386956,"tensor(0.3443, device='cuda:0')",COMPLETE
313,0.3516353368759155,2023-10-30 13:48:56.146952,2023-10-30 13:48:58.687268,0 days 00:00:02.540316,Tanh,Sigmoid,55,24,10.0,0.0016164971418230127,2,325,0.5319619066064665,8.405654949775753e-05,"tensor(0.3516, device='cuda:0')",COMPLETE
314,0.30360904335975647,2023-10-30 13:48:58.687690,2023-10-30 13:49:00.171775,0 days 00:00:01.484085,Tanh,Sigmoid,52,22,12.0,0.008970668276845686,2,157,0.6390759505970462,0.0001680157256668753,"tensor(0.3036, device='cuda:0')",COMPLETE
315,0.289114385843277,2023-10-30 13:49:00.172242,2023-10-30 13:49:03.322151,0 days 00:00:03.149909,Leaky,Sigmoid,57,23,8.0,0.0007441839390098927,2,312,0.7451316476607552,9.870186585108864e-05,"tensor(0.2891, device='cuda:0')",COMPLETE
316,1.2887461185455322,2023-10-30 13:49:03.322563,2023-10-30 13:49:05.402070,0 days 00:00:02.079507,Leaky,Sigmoid,96,24,16.0,1.1034490923511955e-05,2,268,0.767726532003979,0.006312291073375478,"tensor(1.2887, device='cuda:0')",COMPLETE
317,0.35886499285697937,2023-10-30 13:49:05.402532,2023-10-30 13:49:06.415164,0 days 00:00:01.012632,Leaky,Sigmoid,55,24,11.0,0.026163868174316506,2,363,0.7295459019404833,0.00013556236916596685,"tensor(0.3589, device='cuda:0')",COMPLETE
318,0.3183874487876892,2023-10-30 13:49:06.415595,2023-10-30 13:49:07.294502,0 days 00:00:00.878907,Leaky,Sigmoid,53,23,20.0,0.02990089297859164,2,334,0.6858839218001802,0.0001950515720680304,"tensor(0.3184, device='cuda:0')",COMPLETE
319,0.32886046171188354,2023-10-30 13:49:07.294927,2023-10-30 13:49:08.413372,0 days 00:00:01.118445,Leaky,Sigmoid,100,7,6.0,0.002775827882134325,2,225,0.5031226989878917,0.00024610247247084066,"tensor(0.3289, device='cuda:0')",COMPLETE
320,0.3873278498649597,2023-10-30 13:49:08.413815,2023-10-30 13:49:09.075023,0 days 00:00:00.661208,Tanh,Sigmoid,88,24,12.0,0.003844118741908542,2,184,0.30793466213399295,5.9811846370951596e-05,"tensor(0.3873, device='cuda:0')",COMPLETE
321,0.2760252058506012,2023-10-30 13:49:09.075450,2023-10-30 13:49:10.140028,0 days 00:00:01.064578,Leaky,Sigmoid,50,23,11.0,0.02114017833465206,2,92,0.7992528651146937,0.00017029698504828785,"tensor(0.2760, device='cuda:0')",COMPLETE
322,0.2857241928577423,2023-10-30 13:49:10.140467,2023-10-30 13:49:10.413697,0 days 00:00:00.273230,Leaky,,59,22,,0.04346927687734313,1,141,0.45205682362900573,0.00012643726929915987,"tensor(0.2857, device='cuda:0')",COMPLETE
323,0.3100324869155884,2023-10-30 13:49:10.414112,2023-10-30 13:49:11.067442,0 days 00:00:00.653330,Leaky,Sigmoid,48,24,19.0,0.02509781857693927,2,446,0.6180358178730758,0.000219041943998548,"tensor(0.3100, device='cuda:0')",COMPLETE
324,0.3354721963405609,2023-10-30 13:49:11.067884,2023-10-30 13:49:11.592522,0 days 00:00:00.524638,Leaky,ReLU,51,23,12.0,0.014595268133705243,2,102,0.6507001506485769,0.0001531329703951089,"tensor(0.3355, device='cuda:0')",COMPLETE
325,0.35871410369873047,2023-10-30 13:49:11.593002,2023-10-30 13:49:12.209937,0 days 00:00:00.616935,Sigmoid,Sigmoid,92,24,17.0,0.05441240893472149,2,78,0.7703152232512921,0.0002998532705989742,"tensor(0.3587, device='cuda:0')",COMPLETE
326,0.37273862957954407,2023-10-30 13:49:12.210358,2023-10-30 13:49:13.860745,0 days 00:00:01.650387,Leaky,Sigmoid,62,24,13.0,0.010474422246943385,2,150,0.7081196989346352,7.755145735225092e-05,"tensor(0.3727, device='cuda:0')",COMPLETE
327,0.33598145842552185,2023-10-30 13:49:13.861208,2023-10-30 13:49:14.384468,0 days 00:00:00.523260,Leaky,Sigmoid,58,23,21.0,0.017914770871128294,2,110,0.5575466071373455,0.00010159449442297925,"tensor(0.3360, device='cuda:0')",COMPLETE
328,0.4264462888240814,2023-10-30 13:49:14.384889,2023-10-30 13:49:14.816585,0 days 00:00:00.431696,Tanh,Sigmoid,54,24,9.0,0.03252388082974205,2,138,0.7356795605435167,0.00017483512193771066,"tensor(0.4264, device='cuda:0')",COMPLETE
329,0.24205447733402252,2023-10-30 13:49:14.817006,2023-10-30 13:49:15.849168,0 days 00:00:01.032162,Leaky,Sigmoid,36,23,18.0,0.021964643016618487,2,374,0.6738457962875886,0.0001201094163684489,"tensor(0.2421, device='cuda:0')",COMPLETE
330,0.29827260971069336,2023-10-30 13:49:15.849605,2023-10-30 13:49:16.321445,0 days 00:00:00.471840,Leaky,Sigmoid,56,22,18.0,0.020803131891584038,2,290,0.6637908185497746,0.00011666143285470134,"tensor(0.2983, device='cuda:0')",COMPLETE
331,0.27932560443878174,2023-10-30 13:49:16.321862,2023-10-30 13:49:17.853704,0 days 00:00:01.531842,Leaky,Sigmoid,38,23,18.0,0.0035660095373496754,2,410,0.6273260138624309,9.24128799702041e-05,"tensor(0.2793, device='cuda:0')",COMPLETE
332,0.3364865481853485,2023-10-30 13:49:17.854117,2023-10-30 13:49:18.889099,0 days 00:00:01.034982,Leaky,Sigmoid,34,23,19.0,0.012635733129039723,2,374,0.6076852962267228,2.802831239403962e-05,"tensor(0.3365, device='cuda:0')",COMPLETE
333,0.34107422828674316,2023-10-30 13:49:18.889530,2023-10-30 13:49:19.505786,0 days 00:00:00.616256,Leaky,Sigmoid,36,21,17.0,0.016887339234325238,2,163,0.5819974336241106,0.0001296317575009586,"tensor(0.3411, device='cuda:0')",COMPLETE
334,0.3019808530807495,2023-10-30 13:49:19.506238,2023-10-30 13:49:19.745306,0 days 00:00:00.239068,Leaky,Sigmoid,36,23,18.0,0.02443040568549656,2,398,0.28791539685751766,3.9094273734440275e-05,"tensor(0.3020, device='cuda:0')",COMPLETE
335,0.34047967195510864,2023-10-30 13:49:19.745749,2023-10-30 13:49:20.211793,0 days 00:00:00.466044,Leaky,Sigmoid,31,22,20.0,0.01908648512324807,2,350,0.6844168629785999,6.904948335883856e-05,"tensor(0.3405, device='cuda:0')",COMPLETE
336,0.4022858142852783,2023-10-30 13:49:20.212233,2023-10-30 13:49:20.640698,0 days 00:00:00.428465,Tanh,Leaky,60,23,19.0,0.007030832633436783,2,383,0.4726442419391242,1.0434480206720329e-05,"tensor(0.4023, device='cuda:0')",COMPLETE
337,0.32160142064094543,2023-10-30 13:49:20.641141,2023-10-30 13:49:23.174462,0 days 00:00:02.533321,Leaky,Sigmoid,98,24,18.0,0.002307847497313583,2,391,0.6511597018105659,0.00010569779110127578,"tensor(0.3216, device='cuda:0')",COMPLETE
338,0.5052027702331543,2023-10-30 13:49:23.174903,2023-10-30 13:49:23.519978,0 days 00:00:00.345075,Leaky,Sigmoid,39,24,16.0,0.0407048073264387,2,117,0.4161601745821972,0.00014217052599439897,"tensor(0.5052, device='cuda:0')",COMPLETE
339,0.5100177526473999,2023-10-30 13:49:23.520493,2023-10-30 13:49:24.226669,0 days 00:00:00.706176,Leaky,Sigmoid,70,23,17.0,0.014461423817385344,2,404,0.7025242746203295,0.00019270503898064637,"tensor(0.5100, device='cuda:0')",COMPLETE
340,0.3700334131717682,2023-10-30 13:49:24.227107,2023-10-30 13:49:24.651921,0 days 00:00:00.424814,Leaky,Sigmoid,33,24,20.0,0.027813038854722895,2,193,0.3322113207843147,8.319727326972218e-05,"tensor(0.3700, device='cuda:0')",COMPLETE
341,0.2991812229156494,2023-10-30 13:49:24.652366,2023-10-30 13:49:24.967257,0 days 00:00:00.314891,ReLU,Sigmoid,52,22,10.0,0.022665628440017772,2,134,0.435355832741331,1.89307568724356e-05,"tensor(0.2992, device='cuda:0')",COMPLETE
342,0.46816369891166687,2023-10-30 13:49:24.967693,2023-10-30 13:49:25.103267,0 days 00:00:00.135574,Leaky,Sigmoid,57,23,19.0,0.07191632471422002,2,375,0.1625130818514309,0.00011591053316431751,"tensor(0.4682, device='cuda:0')",COMPLETE
343,0.36308997869491577,2023-10-30 13:49:25.103726,2023-10-30 13:49:25.675525,0 days 00:00:00.571799,Tanh,Sigmoid,40,24,22.0,0.05236187992006007,2,152,0.7571107348585627,0.00015664608178560358,"tensor(0.3631, device='cuda:0')",COMPLETE
344,0.8013229966163635,2023-10-30 13:49:25.675989,2023-10-30 13:49:26.489479,0 days 00:00:00.813490,Leaky,Tanh,85,18,8.0,5.5199733548361374e-05,2,127,0.5968818160842339,0.00018095811653430797,"tensor(0.8013, device='cuda:0')",COMPLETE
345,0.44923943281173706,2023-10-30 13:49:26.489905,2023-10-30 13:49:27.834283,0 days 00:00:01.344378,Leaky,Sigmoid,54,23,11.0,0.00877245943272133,2,144,0.6713350634649745,0.0002507474025401004,"tensor(0.4492, device='cuda:0')",COMPLETE
346,0.23492100834846497,2023-10-30 13:49:27.834713,2023-10-30 13:49:28.297085,0 days 00:00:00.462372,Leaky,Sigmoid,36,10,18.0,0.03300658202795586,2,171,0.6310958117183316,5.846367893821478e-05,"tensor(0.2349, device='cuda:0')",COMPLETE
347,0.2693023979663849,2023-10-30 13:49:28.297518,2023-10-30 13:49:28.596620,0 days 00:00:00.299102,Leaky,Sigmoid,37,15,18.0,0.0348465767692827,2,193,0.6257212566755147,4.937355498694988e-05,"tensor(0.2693, device='cuda:0')",COMPLETE
348,0.3690917193889618,2023-10-30 13:49:28.597070,2023-10-30 13:49:28.931784,0 days 00:00:00.334714,Leaky,Sigmoid,35,10,17.0,0.02731600680663573,2,164,0.35940409769059584,6.072912447510168e-05,"tensor(0.3691, device='cuda:0')",COMPLETE
349,0.3804284334182739,2023-10-30 13:49:28.932219,2023-10-30 13:49:29.534099,0 days 00:00:00.601880,Leaky,ReLU,33,10,18.0,0.020703238973246284,2,178,0.6384078611356162,0.0009254497505519683,"tensor(0.3804, device='cuda:0')",COMPLETE
350,0.41120487451553345,2023-10-30 13:49:29.534537,2023-10-30 13:49:32.590807,0 days 00:00:03.056270,Sigmoid,Sigmoid,75,24,18.0,0.0019506067116813177,2,466,0.5879888560939719,3.6749703373609916e-05,"tensor(0.4112, device='cuda:0')",COMPLETE
351,0.36009910702705383,2023-10-30 13:49:32.591252,2023-10-30 13:49:33.302425,0 days 00:00:00.711173,Tanh,Sigmoid,35,11,19.0,0.031929434652465394,2,173,0.6581860649862565,7.763479169734899e-05,"tensor(0.3601, device='cuda:0')",COMPLETE
352,0.3464365601539612,2023-10-30 13:49:33.302839,2023-10-30 13:49:33.703838,0 days 00:00:00.400999,Leaky,Sigmoid,38,8,17.0,0.023933281992811136,2,181,0.5300123008547537,5.621183265125767e-05,"tensor(0.3464, device='cuda:0')",COMPLETE
353,0.5009422898292542,2023-10-30 13:49:33.704294,2023-10-30 13:49:34.627030,0 days 00:00:00.922736,Leaky,Sigmoid,96,24,20.0,0.0015722650716984707,2,170,0.5627459600984238,9.673270741669768e-05,"tensor(0.5009, device='cuda:0')",COMPLETE
354,0.41183599829673767,2023-10-30 13:49:34.627463,2023-10-30 13:49:35.488514,0 days 00:00:00.861051,Leaky,Sigmoid,42,9,4.0,0.01580174127615132,2,185,0.6106736070164853,6.815698836292665e-05,"tensor(0.4118, device='cuda:0')",COMPLETE
355,0.36686787009239197,2023-10-30 13:49:35.488962,2023-10-30 13:49:36.210027,0 days 00:00:00.721065,Leaky,Sigmoid,95,24,16.0,0.006172097486767938,2,302,0.39466689680254535,0.000853738556950988,"tensor(0.3669, device='cuda:0')",COMPLETE
356,0.654684841632843,2023-10-30 13:49:36.210452,2023-10-30 13:49:36.629278,0 days 00:00:00.418826,ReLU,Sigmoid,79,2,11.0,0.04002106023797709,2,432,0.6898793188768587,0.00033234941273357633,"tensor(0.6547, device='cuda:0')",COMPLETE
357,0.3338525593280792,2023-10-30 13:49:36.629724,2023-10-30 13:49:37.141064,0 days 00:00:00.511340,Leaky,Tanh,37,24,19.0,0.02884748105113532,2,211,0.6338902260268275,0.00012380661598712344,"tensor(0.3339, device='cuda:0')",COMPLETE
358,0.3041377365589142,2023-10-30 13:49:37.141500,2023-10-30 13:49:38.974341,0 days 00:00:01.832841,Tanh,Sigmoid,29,24,21.0,0.011126167170740808,2,155,0.7223050596463363,8.409012972046426e-05,"tensor(0.3041, device='cuda:0')",COMPLETE
359,0.34831467270851135,2023-10-30 13:49:38.974761,2023-10-30 13:49:39.427666,0 days 00:00:00.452905,Leaky,Sigmoid,40,7,15.0,0.018388898689503556,2,365,0.24743568361181736,0.00015255055771255905,"tensor(0.3483, device='cuda:0')",COMPLETE
360,0.4722490608692169,2023-10-30 13:49:39.428093,2023-10-30 13:49:40.306216,0 days 00:00:00.878123,Leaky,Sigmoid,49,24,12.0,0.0005769488035248421,2,168,0.31303475110019585,0.002204097615837357,"tensor(0.4722, device='cuda:0')",COMPLETE
361,0.34816649556159973,2023-10-30 13:49:40.306635,2023-10-30 13:49:41.080685,0 days 00:00:00.774050,Leaky,Sigmoid,100,23,15.0,0.004405385801963845,2,156,0.49146850412578613,0.003555667686110415,"tensor(0.3482, device='cuda:0')",COMPLETE
362,0.2856113314628601,2023-10-30 13:49:41.081123,2023-10-30 13:49:42.667387,0 days 00:00:01.586264,Leaky,Leaky,68,23,18.0,0.00340337557526618,2,451,0.6629938688632785,0.0005050757857267381,"tensor(0.2856, device='cuda:0')",COMPLETE
363,0.280697226524353,2023-10-30 13:49:42.667839,2023-10-30 13:49:43.085016,0 days 00:00:00.417177,Leaky,Sigmoid,63,24,17.0,0.03618437953434824,2,116,0.6975511127960012,0.0014125702734920948,"tensor(0.2807, device='cuda:0')",COMPLETE
364,0.34096357226371765,2023-10-30 13:49:43.085456,2023-10-30 13:49:43.480469,0 days 00:00:00.395013,Leaky,Sigmoid,83,24,16.0,0.02471059922554245,2,201,0.5650841724688451,0.00010328496252042165,"tensor(0.3410, device='cuda:0')",COMPLETE
365,0.5075033903121948,2023-10-30 13:49:43.480915,2023-10-30 13:49:44.095173,0 days 00:00:00.614258,Tanh,Sigmoid,51,23,10.0,0.01329567756663647,2,51,0.7375482029266867,0.00021517479059668374,"tensor(0.5075, device='cuda:0')",COMPLETE
366,0.4928063750267029,2023-10-30 13:49:44.095628,2023-10-30 13:49:44.709920,0 days 00:00:00.614292,Leaky,Sigmoid,98,24,19.0,0.020133964343360556,2,106,0.5975217229494314,0.0011183770248238028,"tensor(0.4928, device='cuda:0')",COMPLETE
367,0.4463578164577484,2023-10-30 13:49:44.710343,2023-10-30 13:49:48.017589,0 days 00:00:03.307246,Leaky,Sigmoid,61,6,20.0,0.002394016007781676,2,322,0.7687061842559358,0.0001379471029334383,"tensor(0.4464, device='cuda:0')",COMPLETE
368,0.4005671739578247,2023-10-30 13:49:48.018034,2023-10-30 13:49:48.300196,0 days 00:00:00.282162,Leaky,,88,22,,0.03012140347315748,1,353,0.642597999729489,0.010563411201212288,"tensor(0.4006, device='cuda:0')",COMPLETE
