number,value,params_activation_1,params_batch_size,params_epochs,params_layer_1,params_learning_rate,params_num_layers,params_train_size,params_weight_decay,user_attrs_mape,user_attrs_mse,user_attrs_r2,state
127,0.6189941763877869,Sigmoid,17,152,7,0.03389649420422834,1,0.12218862091709948,0.0013507668399851264,1.8816972970962524,0.6189941763877869,0.22194862365722656,COMPLETE
128,0.6995005011558533,Sigmoid,17,290,7,0.0336680781887996,1,0.12365064242948459,0.0014352640254743198,2.358133316040039,0.6995005011558533,0.1553816795349121,COMPLETE
129,0.7163456678390503,Sigmoid,14,119,6,0.05167327328910446,1,0.14007415384296232,0.0011557652135479105,1.4490940570831299,0.7163456678390503,0.16380131244659424,COMPLETE
130,0.7301682829856873,Sigmoid,21,146,9,0.017072314356949,1,0.14789775667800506,0.0027283057894503427,1.6297560930252075,0.7301682829856873,0.24457448720932007,COMPLETE
131,0.6310251951217651,Sigmoid,16,155,7,0.023914396080869253,1,0.12078145856615004,0.0017808926393811252,1.5126798152923584,0.6310251951217651,0.22052288055419922,COMPLETE
132,0.6546405553817749,Sigmoid,16,152,7,0.024167802533484193,1,0.11992090058651782,0.0018897397211938244,1.263575792312622,0.6546405553817749,0.2425721287727356,COMPLETE
133,0.7714313268661499,Sigmoid,18,169,8,0.04109768031125053,1,0.15563180711823718,0.000990114479226586,1.5650901794433594,0.7714313268661499,0.13257265090942383,COMPLETE
134,0.7288179993629456,Sigmoid,10,308,6,0.03088356698579769,1,0.1327037753532723,0.002210775748165102,1.6389559507369995,0.7288179993629456,0.18990987539291382,COMPLETE
135,0.6541970372200012,Sigmoid,14,139,7,0.05242426635383723,1,0.10673856784875153,0.003397170028105747,1.7596460580825806,0.6541970372200012,0.17568093538284302,COMPLETE
136,0.638070285320282,Sigmoid,20,206,8,0.019072783861305065,1,0.11236109399046947,0.00130609264779853,2.057413101196289,0.638070285320282,0.25690168142318726,COMPLETE
137,0.7238342761993408,Sigmoid,24,198,8,0.020016123112634166,1,0.17867132357076196,0.0014896492800138374,1.3643120527267456,0.7238342761993408,0.2196473479270935,COMPLETE
138,0.6745325922966003,Sigmoid,20,203,7,0.014302311823957158,1,0.12317031770580675,0.00016165355376867628,1.8280682563781738,0.6745325922966003,0.13518184423446655,COMPLETE
139,0.6879000663757324,Sigmoid,22,186,8,0.034124204467331325,1,0.1190511286753773,0.00031010724347746617,1.1661776304244995,0.6879000663757324,0.1396956443786621,COMPLETE
140,0.6614232659339905,Sigmoid,16,251,9,0.026848040292136714,1,0.1262351195412805,0.0011696946705733516,2.176071882247925,0.6614232659339905,0.1625591516494751,COMPLETE
141,0.5955787301063538,Sigmoid,18,230,4,0.03857353308393588,1,0.11099090445476147,0.0018594528853382612,2.644937038421631,0.5955787301063538,0.261294424533844,COMPLETE
142,0.6648927330970764,Sigmoid,19,242,3,0.02163884373927495,1,0.10400247981403787,0.0014128741043960068,1.7475683689117432,0.6648927330970764,0.2085040807723999,COMPLETE
143,0.6034578084945679,Sigmoid,17,214,4,0.03866153528364383,1,0.11027787793438207,0.0008546683195918512,2.2593629360198975,0.6034578084945679,0.18155813217163086,COMPLETE
144,0.6327921748161316,Sigmoid,17,223,6,0.03951493723686266,1,0.10880349015321955,0.0008520227817527292,1.8791910409927368,0.6327921748161316,0.08279538154602051,COMPLETE
145,0.6914518475532532,Sigmoid,17,225,6,0.03651685353913791,1,0.10051805631861366,0.0008745393054488133,1.7104089260101318,0.6914518475532532,0.15777802467346191,COMPLETE
146,0.6505698561668396,Sigmoid,21,213,6,0.026004272938413665,1,0.10846712936103538,0.0007556502009782023,1.6027131080627441,0.6505698561668396,0.15958929061889648,COMPLETE
147,0.6650233864784241,Sigmoid,18,215,7,0.017475196485961485,1,0.11791066541349374,0.001004555954286288,1.5165071487426758,0.6650233864784241,0.2083597183227539,COMPLETE
148,0.6107940077781677,Sigmoid,25,226,7,0.041197652517935,1,0.109251232329254,0.0003950513725143582,2.0380496978759766,0.6107940077781677,0.09510040283203125,COMPLETE
149,0.6626675128936768,Sigmoid,27,239,7,0.011079612052512837,1,0.11095948654136939,0.0005021549800681237,1.7972586154937744,0.6626675128936768,0.17623662948608398,COMPLETE
150,0.6505813598632812,Sigmoid,24,228,8,0.0309885827593902,1,0.10348044608900535,0.0012497280535976626,1.3004963397979736,0.6505813598632812,0.10924863815307617,COMPLETE
151,0.6523186564445496,Sigmoid,15,207,6,0.040379503102501615,1,0.10780094239016867,0.0004181675788879941,1.8132281303405762,0.6523186564445496,0.15104901790618896,COMPLETE
152,0.6477541327476501,Sigmoid,22,223,7,0.04631221456878295,1,0.1134771569262722,0.00036646374950431216,1.5079740285873413,0.6477541327476501,0.0132407546043396,COMPLETE
153,0.6136956214904785,Sigmoid,17,232,5,0.038514568149750635,1,0.11928415310350214,0.00023788021896368848,1.3124810457229614,0.6136956214904785,0.1884191632270813,COMPLETE
154,0.6408457159996033,Sigmoid,19,193,5,0.022004590424758018,1,0.13119328236384045,0.00021368644438910149,1.4075366258621216,0.6408457159996033,0.25753653049468994,COMPLETE
155,0.6141422390937805,Sigmoid,16,246,5,0.034208296641272264,1,0.12129902747622136,0.00013916253128725667,1.5234260559082031,0.6141422390937805,0.17403167486190796,COMPLETE
156,0.6095781922340393,Sigmoid,16,235,5,0.029498108108000284,1,0.12132175942696369,0.0002546206361081058,1.5351587533950806,0.6095781922340393,0.18413233757019043,COMPLETE
157,0.7193735837936401,Sigmoid,17,246,5,0.03071660266143877,1,0.12417987340869195,0.00013720706903132826,3.0853271484375,0.7193735837936401,0.17940181493759155,COMPLETE
158,0.7590389251708984,Sigmoid,14,237,4,0.03488166749332918,1,0.13846012748856978,0.00013102974739649363,1.5097308158874512,0.7590389251708984,0.1537768840789795,COMPLETE
159,0.6902851462364197,Sigmoid,16,253,5,0.025282798152008915,1,0.23612868527360817,0.00018484399633082616,2.0890910625457764,0.6902851462364197,0.3177087903022766,COMPLETE
160,0.665786623954773,Sigmoid,14,266,6,0.04384945729403059,1,0.11972393649523888,0.0002510887349610758,1.3401100635528564,0.665786623954773,0.03787791728973389,COMPLETE
161,0.7053300738334656,Sigmoid,19,227,5,0.02929611370575774,1,0.11505033326978155,0.0002134174217758525,1.5721098184585571,0.7053300738334656,0.16530776023864746,COMPLETE
162,0.6452979445457458,Sigmoid,20,232,6,0.019182981321454833,1,0.12738938587715443,0.00028716551613365343,1.5107134580612183,0.6452979445457458,0.21801787614822388,COMPLETE
163,0.6615516543388367,Sigmoid,16,222,4,0.03764086440822608,1,0.11048157278058816,0.00041116902755782437,2.101590633392334,0.6615516543388367,0.18693625926971436,COMPLETE
164,0.6632670164108276,Sigmoid,17,204,6,0.046731710955900466,1,0.11753388181116683,0.0008320904139255779,1.5280654430389404,0.6632670164108276,0.05651360750198364,COMPLETE
165,0.6541664600372314,Sigmoid,25,216,4,0.02368450462672832,1,0.10455180108901324,0.0005591329164334139,1.7493901252746582,0.6541664600372314,0.16615146398544312,COMPLETE
166,0.6646768450737,Sigmoid,22,240,5,0.03245652792435911,1,0.12385453486838272,9.784829861612337e-05,1.6753439903259277,0.6646768450737,0.16186600923538208,COMPLETE
167,0.7030710577964783,Sigmoid,92,257,4,0.05738466169140562,1,0.20773479726559696,0.00029038029785623904,2.9330382347106934,0.7030710577964783,0.1948096752166748,COMPLETE
168,0.6846076250076294,Sigmoid,14,197,7,0.014010823750371153,1,0.11390533971792345,0.0003411127087607064,1.3211190700531006,0.6846076250076294,0.14673703908920288,COMPLETE
169,0.6817747950553894,Sigmoid,12,234,6,0.03877291772852462,1,0.1341847327345727,0.00018291052252984879,1.3129125833511353,0.6817747950553894,0.11318212747573853,COMPLETE
170,0.6380830407142639,Sigmoid,20,209,5,0.027183166727204396,1,0.10024552616677819,0.00023480862524965712,1.4882516860961914,0.6380830407142639,0.27260053157806396,COMPLETE
171,0.681133508682251,Sigmoid,20,211,5,0.027802450610928328,1,0.10104996455341635,0.00022506273096660462,2.0406501293182373,0.681133508682251,0.12104147672653198,COMPLETE
172,0.6533278226852417,Sigmoid,17,221,5,0.020928853721544138,1,0.10775802684801987,0.0002753802263476278,1.2519892454147339,0.6533278226852417,0.2240397334098816,COMPLETE
173,0.6543264389038086,Sigmoid,18,247,4,0.045724176718395786,1,0.11001925532949666,0.0010699619053769064,1.4410966634750366,0.6543264389038086,0.1825205683708191,COMPLETE
174,0.6527165174484253,Sigmoid,15,202,6,0.016490364386018086,1,0.10469887721914443,0.001606766260095648,1.363837480545044,0.6527165174484253,0.25210243463516235,COMPLETE
175,0.6133894324302673,Sigmoid,21,187,5,0.03554986147839517,1,0.11952910398761685,0.0013276042774836433,1.4333610534667969,0.6133894324302673,0.2126089334487915,COMPLETE
176,0.6991848349571228,Sigmoid,22,183,3,0.03521995545789685,1,0.11875968314076174,0.0013298376573579543,1.3646143674850464,0.6991848349571228,0.18174588680267334,COMPLETE
177,0.6927547454833984,Sigmoid,12,173,6,0.06594025643024584,1,0.12930472290279185,0.0006735254652871854,1.3226243257522583,0.6927547454833984,0.13454335927963257,COMPLETE
178,0.6150680184364319,Sigmoid,18,190,7,0.04934339101459289,1,0.12166653473741577,0.0020033307470962054,1.495306372642517,0.6150680184364319,0.15301507711410522,COMPLETE
179,0.6312195658683777,Sigmoid,10,189,7,0.05306626906431318,1,0.11967930934362347,0.0018464062262595984,1.3556987047195435,0.6312195658683777,0.07572400569915771,COMPLETE
180,0.6458561420440674,Sigmoid,10,164,7,0.0502126669760889,1,0.12364395213759566,0.0021212291680509474,1.6676950454711914,0.6458561420440674,0.1981264352798462,COMPLETE
181,0.7226711511611938,Sigmoid,14,174,7,0.05988255560692658,1,0.1203781417086706,0.001758801325556465,1.3232439756393433,0.7226711511611938,0.15599393844604492,COMPLETE
182,0.6659970283508301,Sigmoid,16,155,6,0.04588338073348303,1,0.11608424315504808,0.002358134316036037,1.5192877054214478,0.6659970283508301,0.1953219175338745,COMPLETE
183,0.6234433650970459,Sigmoid,13,189,4,0.039542263802494274,1,0.1269479969834719,0.002959401406162941,1.6435625553131104,0.6234433650970459,0.27371591329574585,COMPLETE
184,0.684871256351471,Sigmoid,12,190,4,0.03814716554489902,1,0.12820579119935652,0.0027047619064728256,1.5586172342300415,0.684871256351471,0.16983789205551147,COMPLETE
185,0.6731371283531189,Sigmoid,10,192,3,0.03195914664698775,1,0.13417227473404356,0.0019831061431556237,1.517762303352356,0.6731371283531189,0.26854950189590454,COMPLETE
186,0.6300771832466125,Sigmoid,18,185,4,0.04188241562516975,1,0.12334147580212051,0.002761483514888642,2.290522813796997,0.6300771832466125,0.2551402449607849,COMPLETE
187,0.6368554830551147,Sigmoid,18,188,4,0.052438815288339664,1,0.12323068273487568,0.0037706287940862163,1.8317499160766602,0.6368554830551147,0.2204989790916443,COMPLETE
188,0.7199228405952454,Sigmoid,13,217,2,0.04072815490898726,1,0.14439688612353566,0.002972089263176787,1.311018466949463,0.7199228405952454,0.2355218529701233,COMPLETE
189,0.7217766046524048,Sigmoid,18,196,3,0.06558097984089406,1,0.33135864182415126,0.0015401170745925098,3.3583123683929443,0.7217766046524048,0.30269742012023926,COMPLETE
190,0.7528433799743652,Sigmoid,15,231,4,0.003801160843489816,1,0.12877387818237931,0.002618189740027474,1.4840260744094849,0.7528433799743652,0.13829392194747925,COMPLETE
191,0.6228939294815063,Sigmoid,16,185,5,0.032616933267719826,1,0.12015244857261329,0.002080056477304151,1.395514965057373,0.6228939294815063,0.18402129411697388,COMPLETE
192,0.6882054209709167,Sigmoid,17,180,5,0.0014381078624691713,1,0.11665365808473827,0.0020298544701220092,1.3907392024993896,0.6882054209709167,0.22666388750076294,COMPLETE
193,0.6746043562889099,Sigmoid,14,200,5,0.00822689487912518,1,0.11965155319206773,0.0017134333934249715,1.3195298910140991,0.6746043562889099,0.23738360404968262,COMPLETE
194,0.6605727076530457,Sigmoid,12,164,4,0.04187173688402003,1,0.1141531600255114,0.0030520464895986313,1.3910143375396729,0.6605727076530457,0.2050008773803711,COMPLETE
195,0.7549380660057068,Sigmoid,16,188,5,0.03427850220575038,1,0.16159230550026915,0.002539966931042292,1.5984222888946533,0.7549380660057068,0.2104777693748474,COMPLETE
196,0.7442170977592468,Sigmoid,21,218,3,0.05288430184235594,1,0.12517746787648185,0.002149896402768464,2.977823257446289,0.7442170977592468,0.1567431092262268,COMPLETE
197,0.6565716862678528,Sigmoid,19,175,4,0.024291916380421014,1,0.1354685349097174,0.004803026431886508,1.3443589210510254,0.6565716862678528,0.285943865776062,COMPLETE
198,0.8040792942047119,Sigmoid,23,231,5,0.00028390429270270905,1,0.1691431989305924,0.0015160256637658039,1.2585923671722412,0.8040792942047119,0.18620562553405762,COMPLETE
199,0.7838512659072876,Sigmoid,13,210,4,0.030023082358000098,1,0.15471361787478968,0.0011121914884323443,3.195542097091675,0.7838512659072876,0.18425989151000977,COMPLETE
200,0.6806609034538269,Sigmoid,15,157,8,0.045580814620077785,1,0.12096776422432383,0.0033140022658711948,1.4181207418441772,0.6806609034538269,0.18110960721969604,COMPLETE
201,0.7162514925003052,Sigmoid,17,182,6,0.03696133023525948,1,0.11341278453128684,0.0019775243732621794,1.3085488080978394,0.7162514925003052,0.11295413970947266,COMPLETE
202,0.6713290214538574,Sigmoid,18,199,7,0.03153686120532649,1,0.1302176767467877,0.0013537201987977407,1.3713099956512451,0.6713290214538574,0.19951027631759644,COMPLETE
203,0.6435052752494812,Sigmoid,16,172,6,0.04049390469444451,1,0.12324327079590186,0.0017028325610361696,2.001641035079956,0.6435052752494812,0.13757753372192383,COMPLETE
204,0.6639639735221863,Sigmoid,11,149,5,0.027250856916734956,1,0.26764817498708093,0.0009438992937577116,1.4112865924835205,0.6639639735221863,0.33065927028656006,COMPLETE
205,0.6907604932785034,Sigmoid,76,191,7,0.04885258221578874,1,0.11785658561768214,0.002338823197417797,1.3104702234268188,0.6907604932785034,0.15036648511886597,COMPLETE
206,0.6919620633125305,Sigmoid,14,225,6,0.06122027405437719,1,0.43106483791770206,0.0013409618245338035,1.2968113422393799,0.6919620633125305,0.34031689167022705,COMPLETE
207,0.7169158458709717,Sigmoid,20,184,4,0.0336998055955955,1,0.5127840726679848,0.00165550388636712,1.4422510862350464,0.7169158458709717,0.29345399141311646,COMPLETE
208,0.6939603686332703,Sigmoid,18,358,5,0.023617213554739305,1,0.11052301225892477,0.00017607890654084972,1.9636266231536865,0.6939603686332703,0.16889971494674683,COMPLETE
209,0.6757704019546509,Sigmoid,15,374,3,0.038693834821962876,1,0.12626540212566054,0.0010597784316577121,2.5712692737579346,0.6757704019546509,0.219521164894104,COMPLETE
210,0.6294732689857483,Sigmoid,96,243,5,0.048912258110132785,1,0.11476749869586016,0.0040219450522463035,2.52782940864563,0.6294732689857483,0.2138788104057312,COMPLETE
211,0.6484525203704834,Sigmoid,40,248,5,0.04752085628093243,1,0.11575958319418311,0.003997880396448695,1.5554304122924805,0.6484525203704834,0.19472265243530273,COMPLETE
212,0.6539828181266785,Sigmoid,16,240,6,0.057050098715865014,1,0.12098863910708262,0.0029102566772877354,1.4957324266433716,0.6539828181266785,0.16088759899139404,COMPLETE
213,0.6289275288581848,Sigmoid,13,206,5,0.03514657343454186,1,0.10877643721331173,0.004297363557046817,1.7517327070236206,0.6289275288581848,0.25602853298187256,COMPLETE
214,0.6766727566719055,Sigmoid,89,257,4,0.010048830126800537,1,0.10799737107729888,0.003909423132137979,1.3971823453903198,0.6766727566719055,0.24231338500976562,COMPLETE
215,0.687957227230072,Sigmoid,12,212,5,0.044240639507993645,1,0.1116817909104144,0.005529982139046218,1.5639472007751465,0.687957227230072,0.1734033226966858,COMPLETE
216,0.7018564939498901,Sigmoid,13,222,5,0.006117533737783823,1,0.10600820591539391,0.002578664755134926,1.921455979347229,0.7018564939498901,0.2159426212310791,COMPLETE
217,0.6379280686378479,Sigmoid,95,234,5,0.07672460943603973,1,0.11548227318148305,0.003157599881414742,2.1283462047576904,0.6379280686378479,0.18507683277130127,COMPLETE
218,0.670271635055542,Sigmoid,68,205,4,0.031228662484647066,1,0.18899470183273684,0.002002434037201758,4.6337761878967285,0.670271635055542,0.29690468311309814,COMPLETE
219,0.6391924023628235,Sigmoid,10,243,4,0.03736645438226219,1,0.11007121098097988,0.004589899145345149,1.3971093893051147,0.6391924023628235,0.23238861560821533,COMPLETE
220,0.6289650201797485,Sigmoid,19,220,7,0.0540679167742134,1,0.11882200009912373,0.002265983907169676,1.3118367195129395,0.6289650201797485,0.17993438243865967,COMPLETE
221,0.6847355365753174,Sigmoid,100,221,7,0.051456085949417904,1,0.11706983998252606,0.0034602564466606166,1.2905768156051636,0.6847355365753174,0.1470928192138672,COMPLETE
222,0.6505197882652283,Sigmoid,19,209,8,0.06620583608383955,1,0.12206464899098947,0.002196465600842366,2.0344293117523193,0.6505197882652283,0.21098846197128296,COMPLETE
223,0.6984850764274597,Sigmoid,21,228,7,0.0419092672749365,1,0.11285346248086058,0.0017869113323677153,1.5572030544281006,0.6984850764274597,0.1597825288772583,COMPLETE
224,0.6631256341934204,Sigmoid,83,202,6,0.05774529355675267,1,0.10613681114541518,0.0025082340458545023,2.4005041122436523,0.6631256341934204,0.15714401006698608,COMPLETE
225,0.621255099773407,Sigmoid,17,216,5,0.027565406452423336,1,0.11931887757990771,0.0013198412421664217,1.556788444519043,0.621255099773407,0.22944504022598267,COMPLETE
226,0.6337701678276062,Sigmoid,14,196,5,0.027296429931189418,1,0.12867725499173804,0.0014568344041063018,1.5958638191223145,0.6337701678276062,0.2693204879760742,COMPLETE
227,0.7080153822898865,Sigmoid,18,217,3,0.03225280488784438,1,0.11969330302406979,0.0012088240942813772,1.620660424232483,0.7080153822898865,0.16614460945129395,COMPLETE
228,0.6731178760528564,Sigmoid,23,132,4,0.048421190374158735,1,0.12468813712870722,0.0019050759766763214,6.900420665740967,0.6731178760528564,0.2094370722770691,COMPLETE
229,0.753420352935791,Sigmoid,16,237,5,0.021966515507556673,1,0.11622388938912175,0.005389892501118399,1.3706843852996826,0.753420352935791,0.13197702169418335,COMPLETE
230,0.6648958921432495,Sigmoid,19,194,4,0.028861943476950015,1,0.1330714305895546,0.004301974085849771,1.5954586267471313,0.6648958921432495,0.29450827836990356,COMPLETE
231,0.6916582584381104,Sigmoid,17,214,6,0.03617780447738737,1,0.1783408256375556,0.001235043832951444,1.3324555158615112,0.6916582584381104,0.2049608826637268,COMPLETE
232,0.6457148194313049,Sigmoid,15,227,7,0.042060913700935613,1,0.11214798066131064,0.0015125199151945804,2.100980520248413,0.6457148194313049,0.1558537483215332,COMPLETE
233,0.7068511247634888,Sigmoid,20,206,5,0.03919973951396648,1,0.1196077718226928,0.0008105233852463107,1.5471047163009644,0.7068511247634888,0.17777442932128906,COMPLETE
234,0.6408287882804871,Sigmoid,13,234,6,0.025950414919444525,1,0.10812210811197369,0.0022947646186673686,1.542582392692566,0.6408287882804871,0.12555795907974243,COMPLETE
235,0.6897249817848206,Sigmoid,17,220,7,0.054858774952728014,1,0.11438669253493712,0.0009142655866334276,1.5559922456741333,0.6897249817848206,-0.0006797313690185547,COMPLETE
236,0.6542745232582092,Sigmoid,15,250,8,0.03444986250008711,1,0.1228009514061962,0.0001520722478348827,1.8250809907913208,0.6542745232582092,0.1368425488471985,COMPLETE
237,0.6871265769004822,Sigmoid,18,214,5,0.07371171067479627,1,0.10984098540003552,0.0017321467042853375,1.3551338911056519,0.6871265769004822,0.1187555193901062,COMPLETE
238,0.7253155708312988,Sigmoid,21,199,4,0.04723272148051968,1,0.1400379511831752,0.002944059936019393,1.3958617448806763,0.7253155708312988,0.14350461959838867,COMPLETE
239,0.6421961188316345,Sigmoid,11,496,6,0.007230206528652576,1,0.12755268123287974,0.001135069816492149,1.600076675415039,0.6421961188316345,0.2273297905921936,COMPLETE
240,0.7136279940605164,Sigmoid,16,268,7,0.030398901587885472,1,0.11776599038119792,0.007510222585431699,1.2287815809249878,0.7136279940605164,0.20501673221588135,COMPLETE
241,0.7345147728919983,Sigmoid,13,190,5,0.026800421606333603,1,0.1289612721467152,0.001460756918944488,1.4180653095245361,0.7345147728919983,0.15472275018692017,COMPLETE
242,0.6087395548820496,Sigmoid,15,198,5,0.037831885928516204,1,0.12492275125318186,0.0014043409866551352,7.498129367828369,0.6087395548820496,0.18514204025268555,COMPLETE
243,0.6003727912902832,Sigmoid,17,143,5,0.03747624561486989,1,0.12077570654320002,0.0020036848104086477,1.578171968460083,0.6003727912902832,0.2556987404823303,COMPLETE
244,0.6716039180755615,Sigmoid,14,149,5,0.03561909987868473,1,0.12323582738439377,0.0021082754353159245,1.7447724342346191,0.6716039180755615,0.19669026136398315,COMPLETE
245,0.6572024822235107,Sigmoid,19,143,12,0.04561482855730515,1,0.11928698003895573,0.001730875228686064,1.2942836284637451,0.6572024822235107,0.18656373023986816,COMPLETE
246,0.6658532619476318,Sigmoid,15,134,4,0.05906693157933211,1,0.132303511451356,0.0024381179854648747,1.6498736143112183,0.6658532619476318,0.25562387704849243,COMPLETE
247,0.6817173361778259,Sigmoid,17,161,5,0.034931840550022,1,0.1249406643234154,0.00019939553602163677,6.232561111450195,0.6817173361778259,0.23915916681289673,COMPLETE
248,0.6777961850166321,Sigmoid,12,184,5,0.04391450048487521,1,0.11425520819774095,0.0019247997004815632,1.803025484085083,0.6777961850166321,0.1756201982498169,COMPLETE
249,0.7775009274482727,Sigmoid,19,171,4,0.0006819752471888194,1,0.2011456275530184,2.202267078247122e-05,2.074019193649292,0.7775009274482727,0.1869184374809265,COMPLETE
250,0.7067570090293884,Sigmoid,15,200,3,0.01988152918909572,1,0.11982319784044651,0.0013884607035891943,1.2635082006454468,0.7067570090293884,0.17506134510040283,COMPLETE
251,0.7800585031509399,Sigmoid,25,125,5,0.024088775179465807,1,0.11618489868367433,0.0032523045107952977,1.2781939506530762,0.7800585031509399,0.062172532081604004,COMPLETE
252,0.6928347945213318,Sigmoid,22,176,4,0.030923267642400467,1,0.21606806114758795,0.00024798781769947147,4.1771464347839355,0.6928347945213318,0.24304425716400146,COMPLETE
253,0.6765206456184387,Sigmoid,16,140,6,0.052649012338707654,1,0.1256200374543976,0.0017846999094353938,34.455142974853516,0.6765206456184387,0.1888841986656189,COMPLETE
