number,value,params_activation_1,params_batch_size,params_epochs,params_layer_1,params_learning_rate,params_num_layers,params_train_size,params_weight_decay,user_attrs_mape,user_attrs_mse,user_attrs_r2,state
381,0.7290213108062744,Sigmoid,14,207,5,0.03180967992748076,1,0.16838138424217752,0.0009919790176712382,1.2466551065444946,0.7290213108062744,0.22838902473449707,COMPLETE
382,0.712001383304596,Sigmoid,16,229,6,0.03919356113848557,1,0.2011971596615447,0.00039418237891010276,2.3938229084014893,0.712001383304596,0.171015202999115,COMPLETE
383,0.6675997972488403,Sigmoid,19,297,20,0.066641980450085,1,0.30847083425623734,0.0007756451636082807,2.1940059661865234,0.6675997972488403,0.3282620906829834,COMPLETE
384,0.7093297243118286,Sigmoid,17,240,12,0.02117280078584759,1,0.12423088979269245,0.00013123647998165952,3.387906074523926,0.7093297243118286,0.09962493181228638,COMPLETE
385,0.7023059129714966,Sigmoid,14,257,23,0.01174385301646347,1,0.12095794301913526,0.006878753358072517,1.272833228111267,0.7023059129714966,0.1847584843635559,COMPLETE
386,0.7879385352134705,Sigmoid,21,221,4,0.04782875164501475,1,0.593126821416148,0.003314926750523994,1.4686897993087769,0.7879385352134705,0.2594902515411377,COMPLETE
387,0.7249584197998047,Sigmoid,12,373,6,0.0981371010055122,1,0.12896328321937303,0.059621419455175816,1.0973323583602905,0.7249584197998047,0.20539581775665283,COMPLETE
388,0.7432876229286194,Sigmoid,15,202,5,0.01549454355748476,1,0.1916060151988035,0.040178892953536854,1.4082063436508179,0.7432876229286194,0.2298617959022522,COMPLETE
389,0.6429904699325562,Sigmoid,38,164,3,0.028656222996933125,1,0.1135110624506777,0.00023612629227942952,1.5032151937484741,0.6429904699325562,0.24112927913665771,COMPLETE
390,0.703471302986145,Sigmoid,26,120,14,0.0371034948059309,1,0.10661096698422981,0.0019371504830443338,1.4356756210327148,0.703471302986145,0.1659564971923828,COMPLETE
391,0.7477324604988098,Sigmoid,18,188,7,0.0016442008606913508,1,0.38975194692359455,0.004010464954255158,1.8027141094207764,0.7477324604988098,0.2684563398361206,COMPLETE
392,0.7126613259315491,Sigmoid,23,232,4,0.052973307565206754,1,0.14318031111351132,0.00016240867690856022,1.5000193119049072,0.7126613259315491,0.19855260848999023,COMPLETE
393,0.7992211580276489,Sigmoid,10,133,8,0.00014253509708473012,1,0.32627485873410755,0.0014918152751602532,1.6742020845413208,0.7992211580276489,0.22787213325500488,COMPLETE
394,0.7013358473777771,Sigmoid,16,208,5,0.03151685438670792,1,0.1183246559728669,0.002354430687268461,1.4386171102523804,0.7013358473777771,0.17392045259475708,COMPLETE
395,0.688506543636322,Sigmoid,20,180,4,0.04300970728427358,1,0.24421501744130852,0.0002198456964169739,1.6960724592208862,0.688506543636322,0.2863118052482605,COMPLETE
396,0.7621968984603882,Sigmoid,18,217,6,0.0006457078573776667,1,0.17014011005429894,0.001105936282465502,1.5617971420288086,0.7621968984603882,0.2281995415687561,COMPLETE
397,0.6603853702545166,Sigmoid,13,192,5,0.024960011775704827,1,0.10050865152133631,0.00031271929012796287,1.69623863697052,0.6603853702545166,0.26060962677001953,COMPLETE
398,0.652432918548584,Sigmoid,22,237,3,0.07454759122209842,1,0.11048057847816672,0.0016340468691198305,2.0570507049560547,0.652432918548584,0.22296077013015747,COMPLETE
399,0.9112964868545532,Sigmoid,16,152,4,8.161554707856117e-05,1,0.1256964201051976,0.0027874239941640976,12.995367050170898,0.9112964868545532,-0.011051416397094727,COMPLETE
400,0.7043460607528687,Sigmoid,19,110,5,0.0009321179506702933,1,0.11840031084898187,0.004766802619096654,1.4279680252075195,0.7043460607528687,0.22771936655044556,COMPLETE
401,0.8445778489112854,Sigmoid,14,143,2,0.0002851931112561909,1,0.13461947133908736,0.002175816687963775,0.9832357168197632,0.8445778489112854,0.07843017578125,COMPLETE
402,0.6805927753448486,Sigmoid,17,225,6,0.036259846843083775,1,0.2605309560821757,0.00011100147360582072,1.77523934841156,0.6805927753448486,0.3066455125808716,COMPLETE
403,0.7185240983963013,Sigmoid,21,332,7,0.057176725531394995,1,0.2372358323363296,0.00046166202763629234,3.256100654602051,0.7185240983963013,0.23350059986114502,COMPLETE
404,0.6849294900894165,Sigmoid,24,465,9,0.04676601663806283,1,0.11419149443602004,0.001273918959834907,1.8474726676940918,0.6849294900894165,0.14269202947616577,COMPLETE
405,0.6396698951721191,Sigmoid,15,174,5,0.030972770704027357,1,0.12235981502815957,0.00183702492922786,2.1609203815460205,0.6396698951721191,0.23244625329971313,COMPLETE
406,0.6393422484397888,Sigmoid,18,200,4,0.020445024892143292,1,0.3021903066297526,0.0008116471482697206,4.079979419708252,0.6393422484397888,0.3170730471611023,COMPLETE
407,0.9601131081581116,Sigmoid,12,210,4,2.3119155477865212e-05,1,0.2868511095629811,0.00026962896511341784,1.9411603212356567,0.9601131081581116,0.020187973976135254,COMPLETE
408,0.7734038233757019,Sigmoid,20,250,5,0.04093418343919876,1,0.10633482947980576,0.003441101707869377,1.3838557004928589,0.7734038233757019,0.088642418384552,COMPLETE
409,0.6892677545547485,Sigmoid,16,128,3,0.0671693564366238,1,0.27822803995362916,0.00020133612742488115,1.4519890546798706,0.6892677545547485,0.29415351152420044,COMPLETE
410,0.8986110091209412,Sigmoid,22,168,6,3.693868966102246e-05,1,0.12957440546726592,0.0005745650501908247,1.257672667503357,0.8986110091209412,0.020785391330718994,COMPLETE
411,0.6918253898620605,Sigmoid,14,184,7,0.026095125373967843,1,0.11173738893711846,0.0013749657585673165,1.4998602867126465,0.6918253898620605,0.18016338348388672,COMPLETE
412,0.6854402422904968,Sigmoid,18,195,5,0.03582695890073641,1,0.1171570370039479,0.0003602750636040407,1.4006824493408203,0.6854402422904968,0.21821385622024536,COMPLETE
413,0.6487641930580139,Sigmoid,78,220,4,0.05056998168266456,1,0.6989875165158921,0.00014202214264071746,1.1958776712417603,0.6487641930580139,0.3295717239379883,COMPLETE
414,0.7058976292610168,Sigmoid,11,232,8,0.029771674679154144,1,0.4345146314671132,0.0025824344019345943,1.181607961654663,0.7058976292610168,0.32891273498535156,COMPLETE
415,0.6799306273460388,Sigmoid,16,139,5,0.003133017675220395,1,0.12202079566769157,0.0016733200987291716,1.5331553220748901,0.6799306273460388,0.21282458305358887,COMPLETE
416,0.6660587787628174,Sigmoid,73,206,6,0.043258387579517436,1,0.25666748885792695,0.00111520028803505,1.4808473587036133,0.6660587787628174,0.31174778938293457,COMPLETE
417,0.6927191019058228,Sigmoid,20,242,4,0.019289404930374655,1,0.21466559772748434,0.0019401811451242835,3.271228551864624,0.6927191019058228,0.21984970569610596,COMPLETE
418,0.7064817547798157,Sigmoid,14,157,5,0.002079181183585496,1,0.10463313073600836,0.0009547321093955655,1.331255555152893,0.7064817547798157,0.2069217562675476,COMPLETE
419,0.7091702222824097,Sigmoid,25,214,3,0.06067742937408336,1,0.21976607586990732,0.002977295279663132,19.702730178833008,0.7091702222824097,0.2856787443161011,COMPLETE
420,0.6985176205635071,Sigmoid,17,191,6,0.03612580098328135,1,0.12709576486780094,0.00018355570413282636,1.4376085996627808,0.6985176205635071,0.10528337955474854,COMPLETE
421,0.6633653044700623,Sigmoid,19,357,4,0.08484783968549428,1,0.10923496067613271,0.004413542627282023,3.2201874256134033,0.6633653044700623,0.19323939085006714,COMPLETE
422,0.6991913318634033,Sigmoid,13,227,5,0.02599717327341887,1,0.3403979268176836,0.002232635452842076,3.8472254276275635,0.6991913318634033,0.33916759490966797,COMPLETE
423,0.7558950185775757,Sigmoid,22,200,4,0.050562160804227756,1,0.31390405460852844,0.013664711848810612,1.6268450021743774,0.7558950185775757,0.24875688552856445,COMPLETE
424,0.6914507746696472,Sigmoid,86,263,5,0.03421653530238023,1,0.1365872749972894,0.009363071648420485,1.4735058546066284,0.6914507746696472,0.24381566047668457,COMPLETE
425,0.662392258644104,Sigmoid,27,176,2,0.04351095606919109,1,0.11542629127715547,7.730277050538324e-05,1.985642433166504,0.662392258644104,0.232072651386261,COMPLETE
426,0.6830770969390869,Sigmoid,17,91,6,0.0024988354789347777,1,0.12012625741268666,0.0002616021464174615,1.3489923477172852,0.6830770969390869,0.2282172441482544,COMPLETE
427,0.6269146203994751,Sigmoid,15,150,7,0.022078070927617138,1,0.48038912338226686,0.0006939651842865425,2.259669065475464,0.6269146203994751,0.39966249465942383,COMPLETE
428,0.8014238476753235,Sigmoid,57,145,7,0.008334291278762474,1,0.37929051583460693,0.06968883472921698,1.442148208618164,0.8014238476753235,0.2187672257423401,COMPLETE
429,0.676384687423706,Sigmoid,10,148,7,0.016747938000595687,1,0.5149769851996008,0.0006423770998496531,1.297061800956726,0.676384687423706,0.33325326442718506,COMPLETE
430,0.6546173095703125,Sigmoid,12,138,8,0.022363277316586362,1,0.39235745470560485,0.0004808310299247536,1.8629716634750366,0.6546173095703125,0.35306501388549805,COMPLETE
431,0.6677701473236084,Sigmoid,15,127,7,0.02395033955198362,1,0.40091132207273494,0.0006803188716026086,1.7921887636184692,0.6677701473236084,0.34409087896347046,COMPLETE
432,0.5631416440010071,Sigmoid,15,152,8,0.014528022224106428,1,0.6370320849097855,0.0007932898585027897,1.2960478067398071,0.5631416440010071,0.4484081268310547,COMPLETE
433,0.6545021533966064,Sigmoid,14,159,7,0.015578017300049922,1,0.4291667383654677,0.0007987054521441416,1.477890133857727,0.6545021533966064,0.3787057399749756,COMPLETE
434,0.7047638297080994,Sigmoid,13,163,9,0.013362880563789944,1,0.6046469717674938,0.0008019361987642508,1.3442387580871582,0.7047638297080994,0.3495944142341614,COMPLETE
435,0.6656212210655212,Sigmoid,15,155,8,0.01970634992690592,1,0.4635831043879831,0.0005872441664995046,3.0443012714385986,0.6656212210655212,0.3527706265449524,COMPLETE
436,0.7312676310539246,Sigmoid,12,147,8,0.027792401929935862,1,0.6095143192659072,0.001013596379644654,1.3792341947555542,0.7312676310539246,0.3282076120376587,COMPLETE
437,0.7218334078788757,Sigmoid,16,139,6,0.004645911765199009,1,0.4970019951483351,0.0007256129381287092,1.3038426637649536,0.7218334078788757,0.3083648681640625,COMPLETE
438,0.6684810519218445,Sigmoid,15,154,7,0.019523009548597342,1,0.4626828772126734,0.0005110456645377203,3.7738733291625977,0.6684810519218445,0.35167616605758667,COMPLETE
439,0.6863657236099243,Sigmoid,11,120,7,0.030067847385559444,1,0.4503845817735972,0.0008629165092583337,1.408448576927185,0.6863657236099243,0.36039674282073975,COMPLETE
440,0.6458055973052979,Sigmoid,46,137,6,0.010733516546986649,1,0.6861517122875957,0.0004190051003522245,1.289977788925171,0.6458055973052979,0.3338979482650757,COMPLETE
441,0.5649845600128174,Sigmoid,17,163,7,0.021963472587806114,1,0.6694314358728165,0.00016301520616616175,1.3709287643432617,0.5649845600128174,0.42061275243759155,COMPLETE
442,0.6612483859062195,Sigmoid,17,163,7,0.02207268162987601,1,0.6303599144162981,0.00019730919804966372,1.3518898487091064,0.6612483859062195,0.36187809705734253,COMPLETE
443,0.6506661176681519,Sigmoid,18,151,8,0.017611845828217912,1,0.41470189092900733,0.0001503137945423076,1.2205287218093872,0.6506661176681519,0.37333250045776367,COMPLETE
444,0.6713982224464417,Sigmoid,13,169,7,0.014104877159011053,1,0.34888649266797467,0.00015691637245370338,3.3914759159088135,0.6713982224464417,0.3207433223724365,COMPLETE
445,0.6853835582733154,Sigmoid,17,163,7,0.024022309558896025,1,0.561570271122956,0.0003301811703068109,1.3829060792922974,0.6853835582733154,0.3385509252548218,COMPLETE
446,0.6342282295227051,Sigmoid,15,133,8,0.025531256078424082,1,0.6531286892544994,0.00025564503532123366,1.2130753993988037,0.6342282295227051,0.353473961353302,COMPLETE
447,0.6554452180862427,Sigmoid,19,157,8,0.01797323421949688,1,0.6850706520533649,9.59174483753167e-05,1.2194963693618774,0.6554452180862427,0.32238584756851196,COMPLETE
448,0.630214273929596,Sigmoid,16,148,7,0.0071811597458185435,1,0.6494252001688853,0.00022256171844015472,1.1822900772094727,0.630214273929596,0.35964304208755493,COMPLETE
449,0.6758939027786255,Sigmoid,13,104,6,0.02858548297979387,1,0.5072898747641893,0.00017389059317410435,1.2655044794082642,0.6758939027786255,0.32554978132247925,COMPLETE
450,0.6718780994415283,Sigmoid,19,167,7,0.021957067158630075,1,0.359882161448009,0.00012456724975518728,3.598762035369873,0.6718780994415283,0.31190770864486694,COMPLETE
451,0.7401694655418396,Sigmoid,15,144,6,0.03240091657989861,1,0.5720418520225989,0.001127447800843257,1.4211572408676147,0.7401694655418396,0.2667338252067566,COMPLETE
452,0.7679821252822876,Sigmoid,17,175,6,0.0006371197231628537,1,0.7076011648692169,0.0014234748311422402,1.2211130857467651,0.7679821252822876,0.21204864978790283,COMPLETE
453,0.808861255645752,Sigmoid,14,130,6,0.012981833826733055,1,0.7485252613526219,0.025752008361792693,1.2586442232131958,0.808861255645752,0.19443005323410034,COMPLETE
454,0.6790165901184082,Sigmoid,10,169,7,0.027379238956066282,1,0.6301476607344929,0.0009650530334964106,1.414286732673645,0.6790165901184082,0.343392550945282,COMPLETE
455,0.6361009478569031,Sigmoid,20,116,8,0.03621007228337101,1,0.7258818648958866,0.0005556408438041376,1.3787181377410889,0.6361009478569031,0.31634998321533203,COMPLETE
456,0.6391271948814392,Sigmoid,18,151,6,0.006199769935137313,1,0.649972373012005,0.00038987325267293916,1.1646867990493774,0.6391271948814392,0.34528207778930664,COMPLETE
457,0.8412742018699646,Sigmoid,16,158,5,0.00010869115826276512,1,0.5688395792780128,0.00028772363188772724,1.2445064783096313,0.8412742018699646,0.20601511001586914,COMPLETE
458,0.8622108101844788,Sigmoid,12,343,7,0.02308681114987963,1,0.44062498082599155,0.08840560436799529,1.2467447519302368,0.8622108101844788,0.1829845905303955,COMPLETE
459,0.7525011897087097,Sigmoid,20,139,6,0.03259884828019942,1,0.17357121814465035,0.0001257243950033699,1.3910369873046875,0.7525011897087097,0.19040530920028687,COMPLETE
460,0.7913317084312439,Sigmoid,14,125,5,0.015286576391482851,1,0.48997536504464834,0.019955005732425066,2.141380548477173,0.7913317084312439,0.24893641471862793,COMPLETE
461,0.6796849966049194,Sigmoid,18,380,10,0.004847693567431442,1,0.23860233214530027,0.0006730553573442667,2.8147881031036377,0.6796849966049194,0.30656659603118896,COMPLETE
462,0.7670820951461792,Sigmoid,16,220,7,7.273605682663188e-05,1,0.6727436399468085,0.001231648274723731,1.1987249851226807,0.7670820951461792,0.21723520755767822,COMPLETE
463,0.7067357301712036,Sigmoid,21,180,8,0.018107224864141444,1,0.22681959706136567,0.00019559090959633658,1.7334439754486084,0.7067357301712036,0.24676257371902466,COMPLETE
464,0.7093534469604492,Sigmoid,13,149,5,0.0038444232849226233,1,0.42082844683762954,0.0003478075197600536,1.3289943933486938,0.7093534469604492,0.3178809881210327,COMPLETE
465,0.7044366598129272,Sigmoid,15,486,6,0.03991391683499999,1,0.5444675458954078,0.000940702845380242,2.2368574142456055,0.7044366598129272,0.3024410605430603,COMPLETE
466,0.6627743244171143,Sigmoid,18,210,9,0.0012923927630945063,1,0.7257105557839516,0.0002248297225760474,1.1705241203308105,0.6627743244171143,0.28655076026916504,COMPLETE
467,0.687737762928009,Sigmoid,16,171,5,0.007500196136157799,1,0.19375373960777964,0.0015222203035701117,5.224181652069092,0.687737762928009,0.28214848041534424,COMPLETE
468,0.5921397805213928,Sigmoid,19,183,6,0.02875587224785134,1,0.6604298154128668,0.00010900237922785527,1.2621785402297974,0.5921397805213928,0.3581048250198364,COMPLETE
469,0.6896415948867798,Sigmoid,12,183,6,0.025693765133137363,1,0.37160486574213175,0.0007431611226055253,2.6920018196105957,0.6896415948867798,0.31694597005844116,COMPLETE
470,0.6662266254425049,Sigmoid,23,179,6,0.02942972538625989,1,0.3690369114902885,9.336343631358782e-05,1.6959913969039917,0.6662266254425049,0.2773544192314148,COMPLETE
471,0.6561846733093262,Sigmoid,17,190,5,0.021874106581120534,1,0.6571898430115323,9.587495205470135e-05,1.2540209293365479,0.6561846733093262,0.3429136276245117,COMPLETE
472,0.7982917428016663,Sigmoid,14,165,5,0.00023407348516055938,1,0.47816928587655666,0.00013137529978290955,1.661882758140564,0.7982917428016663,0.24695169925689697,COMPLETE
473,0.6764902472496033,Sigmoid,19,171,4,0.031151308032566313,1,0.40874387695096775,0.00010773927971394895,1.502173900604248,0.6764902472496033,0.34935462474823,COMPLETE
474,0.7029141783714294,Sigmoid,21,187,5,0.035339662947592776,1,0.6176141543363046,0.00015194762229461172,1.356297492980957,0.7029141783714294,0.3467409014701843,COMPLETE
475,0.6688463687896729,Sigmoid,11,411,6,0.02075409923185735,1,0.5365465164861188,0.0001744790186366261,1.3776332139968872,0.6688463687896729,0.3478055000305176,COMPLETE
476,0.6542595624923706,Sigmoid,15,364,5,0.0017851524281769608,1,0.6712607880875398,0.00011439499930641759,1.195120096206665,0.6542595624923706,0.3282054662704468,COMPLETE
477,0.7097851037979126,Sigmoid,17,159,4,0.010705084931805319,1,0.590408571672257,5.222684128921917e-05,1.5082987546920776,0.7097851037979126,0.3301182985305786,COMPLETE
478,0.863186776638031,Sigmoid,20,197,6,3.436173765516858e-05,1,0.7172883953534723,7.405996575326594e-05,1.040804147720337,0.863186776638031,0.12290972471237183,COMPLETE
479,0.8540250062942505,Sigmoid,13,177,5,4.11607504496677e-05,1,0.6315560921152837,2.6124761010202513e-05,1.129903793334961,0.8540250062942505,0.18243670463562012,COMPLETE
480,0.6579498052597046,Sigmoid,18,139,4,0.028387284819637707,1,0.6834745225081029,0.00046585210784659824,1.3954718112945557,0.6579498052597046,0.3058483600616455,COMPLETE
481,0.817954421043396,Sigmoid,15,153,17,0.0028397346689748902,1,0.3389106232072585,0.044887111304994544,1.7495380640029907,0.817954421043396,0.22606563568115234,COMPLETE
482,0.6392443180084229,Sigmoid,22,131,13,0.006086436339255591,1,0.6348995410554303,0.00031434998759491693,1.3347138166427612,0.6392443180084229,0.3724818825721741,COMPLETE
483,0.6718763113021851,Sigmoid,16,183,5,0.024119399377507865,1,0.4707319457322859,0.00014179807924777203,1.806679368019104,0.6718763113021851,0.3554571866989136,COMPLETE
484,0.7719300985336304,Sigmoid,10,193,7,0.0010034189890238752,1,0.32301271366998857,0.0005734785348204965,2.7870912551879883,0.7719300985336304,0.2506873607635498,COMPLETE
485,0.961776077747345,Sigmoid,19,162,6,4.792681900298237e-05,1,0.3651716689198269,0.0002365861065432957,1.1728787422180176,0.961776077747345,0.08197188377380371,COMPLETE
486,0.7699472308158875,Sigmoid,14,143,5,0.0003595637216353443,1,0.26317083621405746,0.000852847632812177,2.3250205516815186,0.7699472308158875,0.23869746923446655,COMPLETE
487,0.7880707383155823,Sigmoid,17,314,4,0.00047782318746559166,1,0.4250552133773268,0.0012179987931943614,1.342639684677124,0.7880707383155823,0.24402230978012085,COMPLETE
488,0.6894668936729431,Sigmoid,12,203,6,0.03780756986904965,1,0.2411011520587549,0.0002760980418117328,1.9056116342544556,0.6894668936729431,0.3041039705276489,COMPLETE
489,0.6724569797515869,Sigmoid,20,119,7,0.01881546252559059,1,0.5215087441392081,0.00018799232501328058,1.3112101554870605,0.6724569797515869,0.3459548354148865,COMPLETE
490,0.784079372882843,Sigmoid,23,173,5,0.0001960948031003295,1,0.20495720351464677,0.0016492203530164386,2.8418664932250977,0.784079372882843,0.18823611736297607,COMPLETE
491,0.7602105736732483,Sigmoid,16,349,4,0.000910659161499889,1,0.39658250693703323,0.012059236480398158,1.3607146739959717,0.7602105736732483,0.26102739572525024,COMPLETE
492,0.6797717213630676,Sigmoid,18,151,6,0.03148581945355875,1,0.44524264599133245,0.0006751154256426591,1.3101096153259277,0.6797717213630676,0.36035317182540894,COMPLETE
493,0.7840173840522766,Sigmoid,14,186,5,0.001291912812981728,1,0.7592301274153399,0.0011201819991580352,1.2244173288345337,0.7840173840522766,0.24716925621032715,COMPLETE
494,0.7926064729690552,Sigmoid,21,234,7,0.040886180627143415,1,0.532384531411759,0.018256360639333828,1.6575311422348022,0.7926064729690552,0.22510415315628052,COMPLETE
495,0.6822199821472168,Sigmoid,16,161,4,0.028656243576121527,1,0.46463988637035814,0.00039377141687749293,1.4146877527236938,0.6822199821472168,0.3348497748374939,COMPLETE
496,0.9128761887550354,Sigmoid,19,199,5,2.674178950821523e-05,1,0.5022209346043914,0.006559097308023922,1.0035624504089355,0.9128761887550354,0.11010366678237915,COMPLETE
497,0.767985999584198,Sigmoid,13,136,4,0.0015549555330054564,1,0.4816352866908133,0.00021465287371216654,1.57695734500885,0.767985999584198,0.27557677030563354,COMPLETE
498,0.8182636499404907,Sigmoid,17,213,6,0.001131085517622053,1,0.609487103466047,3.7819656497216064e-05,1.2201025485992432,0.8182636499404907,0.2503584623336792,COMPLETE
499,0.7626110315322876,Sigmoid,25,170,5,0.0347489140399284,1,0.1588680201067107,6.375844177900352e-05,1.8478996753692627,0.7626110315322876,0.21746432781219482,COMPLETE
