number,value,params_activation_1,params_batch_size,params_epochs,params_layer_1,params_learning_rate,params_num_layers,params_train_size,params_weight_decay,user_attrs_mape,user_attrs_mse,user_attrs_r2,state
254,0.7124075293540955,Sigmoid,13,208,5,0.039732276463649484,1,0.1041830401515953,0.0027468013452688223,1.7868773937225342,0.7124075293540955,0.12766391038894653,COMPLETE
255,0.7101048827171326,Sigmoid,18,191,6,0.04781300998837262,1,0.23619097308768366,0.001466759024227857,2.434243679046631,0.7101048827171326,0.2917792797088623,COMPLETE
256,0.7771590352058411,Sigmoid,11,182,3,0.06533846760863317,1,0.1666763638239832,9.21074294987679e-05,1.4716075658798218,0.7771590352058411,0.1993080973625183,COMPLETE
257,0.8189722299575806,Sigmoid,20,230,5,5.375906637504559e-05,1,0.11251526534077406,0.00208529780623713,1.1509402990341187,0.8189722299575806,0.06420046091079712,COMPLETE
258,0.6924437284469604,Sigmoid,14,242,4,0.03692391642146063,1,0.15060616259501758,0.0039062417940640606,1.2847583293914795,0.6924437284469604,0.24467968940734863,COMPLETE
259,0.7250703573226929,Sigmoid,17,157,8,0.02853778107336352,1,0.13581419310873086,0.0012192555772115618,1.344518780708313,0.7250703573226929,0.15254777669906616,COMPLETE
260,0.6554393768310547,Sigmoid,16,339,4,0.09937245046391459,1,0.11978753982154654,0.00032127172161934943,1.2842442989349365,0.6554393768310547,0.14919084310531616,COMPLETE
261,0.6418877243995667,Sigmoid,10,206,6,0.023299982678380137,1,0.12986753753456107,0.0022948853219408438,1.3728500604629517,0.6418877243995667,0.22756177186965942,COMPLETE
262,0.6900877952575684,Sigmoid,20,363,7,0.004895811681961641,1,0.12166765677878028,0.0015519503839941026,1.3861331939697266,0.6900877952575684,0.1923198699951172,COMPLETE
263,0.6715865731239319,Sigmoid,14,215,5,0.04214348643782812,1,0.1126403627185137,0.0001441456249531668,2.0373833179473877,0.6715865731239319,0.22169309854507446,COMPLETE
264,0.6853314638137817,Sigmoid,18,196,5,0.013071630760867196,1,0.11548667945296401,0.006258051085203896,1.4376858472824097,0.6853314638137817,0.23103344440460205,COMPLETE
265,0.6262325644493103,Sigmoid,23,168,4,0.054898869336547314,1,0.2967686791922245,0.00019528103100804447,1.8563237190246582,0.6262325644493103,0.3503950834274292,COMPLETE
266,0.6628551483154297,Sigmoid,27,167,4,0.07261864477960144,1,0.10613194984534118,0.00018439712445637507,2.921956777572632,0.6628551483154297,0.2595498561859131,COMPLETE
267,0.7054293751716614,Sigmoid,24,177,3,0.05851070359576187,1,0.2624128088419327,0.00024770628763412224,1.8487436771392822,0.7054293751716614,0.294855535030365,COMPLETE
268,0.7036598920822144,Sigmoid,23,150,3,0.051131985789993145,1,0.14384199004618184,0.0002150733204378646,1.6431410312652588,0.7036598920822144,0.20547544956207275,COMPLETE
269,0.7532148361206055,Sigmoid,21,163,2,0.002163561133047024,1,0.31337452538746025,0.00016645579394648883,4.264054298400879,0.7532148361206055,0.25418317317962646,COMPLETE
270,0.6895186305046082,Sigmoid,21,186,4,0.07901906820827077,1,0.2918026176748964,0.003366685816407584,4.006695747375488,0.6895186305046082,0.3018736243247986,COMPLETE
271,0.6414747834205627,Sigmoid,19,421,4,0.016075410388618837,1,0.2849337879303459,0.0002781310005506157,1.633057713508606,0.6414747834205627,0.35122543573379517,COMPLETE
272,0.6974123120307922,Sigmoid,17,176,4,0.059059562823692895,1,0.16168950541934363,0.0025902112588197684,2.395988941192627,0.6974123120307922,0.2977355718612671,COMPLETE
273,0.6554592847824097,Sigmoid,60,165,11,0.04476151739345947,1,0.11033272272913167,0.0001230561446552296,2.110067129135132,0.6554592847824097,0.07542383670806885,COMPLETE
274,0.7061669826507568,Sigmoid,22,190,9,0.034274950463693644,1,0.17863114320037113,0.00041241565370538655,1.3076766729354858,0.7061669826507568,0.16446787118911743,COMPLETE
275,0.7324449419975281,Sigmoid,25,222,5,0.011327014170762996,1,0.3125154389050391,0.00021038331048752075,2.6738667488098145,0.7324449419975281,0.2750357389450073,COMPLETE
276,0.6935790777206421,Sigmoid,16,202,8,0.04807433609214766,1,0.11801257795637489,0.0019114416367373125,1.5122588872909546,0.6935790777206421,0.16823488473892212,COMPLETE
277,0.725737988948822,Sigmoid,12,238,4,0.06492543845025811,1,0.10335628901491595,0.0027954250998131406,1.4415231943130493,0.725737988948822,0.1384143829345703,COMPLETE
278,0.6878238916397095,Sigmoid,19,145,5,0.009557930708417005,1,0.12281580182786046,0.0010416892964524702,1.7361294031143188,0.6878238916397095,0.2284507155418396,COMPLETE
279,0.6744534969329834,Sigmoid,15,254,3,0.03938330458518558,1,0.10883109774323399,0.00035214531997863256,2.0305936336517334,0.6744534969329834,0.21009916067123413,COMPLETE
280,0.6348342895507812,Sigmoid,18,278,5,0.027506643771758214,1,0.11490092217971758,0.004248652466792081,1.9707635641098022,0.6348342895507812,0.2438846230506897,COMPLETE
281,0.6703784465789795,Sigmoid,29,154,10,0.03128785814328989,1,0.1271078718061617,0.0016628254267796387,1.6079972982406616,0.6703784465789795,0.21627062559127808,COMPLETE
282,0.7062263488769531,Sigmoid,54,184,4,0.05272794620231942,1,0.1380850488795595,0.010819350118663171,1.4167994260787964,0.7062263488769531,0.22333300113677979,COMPLETE
283,0.6650426387786865,Sigmoid,13,230,6,0.02112606966117359,1,0.19897539725674881,0.0001563269415086417,2.381517171859741,0.6650426387786865,0.21241271495819092,COMPLETE
284,0.6315150260925293,Sigmoid,21,211,7,0.03884813949707902,1,0.11882201972267971,0.002211211361871362,1.3933111429214478,0.6315150260925293,0.20288872718811035,COMPLETE
285,0.7921680212020874,Sigmoid,17,197,5,0.008371827907588973,1,0.1903187098500741,0.019993983784256347,1.7272220849990845,0.7921680212020874,0.16511434316635132,COMPLETE
286,0.669714629650116,Sigmoid,75,170,4,0.044365772680310854,1,0.1113276820192003,0.05725694035951691,1.633946180343628,0.669714629650116,0.22098195552825928,COMPLETE
287,0.6565377712249756,Sigmoid,15,246,3,0.03287560444207823,1,0.1069404033803258,0.0005318317657732207,2.0874876976013184,0.6565377712249756,0.26789045333862305,COMPLETE
288,0.6933534145355225,Sigmoid,79,222,15,0.025146650049416772,1,0.12399664767522525,0.0007218017941436259,1.8985157012939453,0.6933534145355225,0.1802310347557068,COMPLETE
289,0.7148805260658264,Sigmoid,10,472,6,0.067624222593836,1,0.13196592041176133,0.0035151150967610923,1.5749741792678833,0.7148805260658264,0.06970441341400146,COMPLETE
290,0.6847850680351257,Sigmoid,23,206,13,0.05704380792777922,1,0.11730185819115124,7.55834768189653e-05,1.4451781511306763,0.6847850680351257,0.051194608211517334,COMPLETE
291,0.7860743403434753,Sigmoid,19,136,2,0.03942831970447245,1,0.1511775045408595,0.0001893088137762398,1.539560079574585,0.7860743403434753,0.111580491065979,COMPLETE
292,0.6470198035240173,Sigmoid,17,262,5,0.048951896676811206,1,0.10039072469462114,0.0002949170548524915,1.5380035638809204,0.6470198035240173,0.18518853187561035,COMPLETE
293,0.6379168033599854,Sigmoid,97,186,4,0.08755164583345312,1,0.11373230960122069,0.00012238878754669308,1.4708571434020996,0.6379168033599854,0.24458765983581543,COMPLETE
294,0.6467666625976562,Sigmoid,14,217,7,0.016674521093257674,1,0.27601239265731764,0.0019949535201227026,1.4166494607925415,0.6467666625976562,0.34940773248672485,COMPLETE
295,0.6513099670410156,Sigmoid,34,234,5,0.030456917684888098,1,0.12721874420952875,0.00023874750225648904,1.5779061317443848,0.6513099670410156,0.2177068591117859,COMPLETE
296,0.744201123714447,Sigmoid,12,195,6,0.002579118154294712,1,0.3573113135380582,0.001282808273770688,2.624938488006592,0.744201123714447,0.288430392742157,COMPLETE
297,0.6868191957473755,Sigmoid,20,177,4,0.019249406746687594,1,0.12138599829967002,0.0015832423801505355,1.3709385395050049,0.6868191957473755,0.20370197296142578,COMPLETE
298,0.6640065312385559,Sigmoid,16,156,5,0.004155810465448095,1,0.11112371707773716,0.002818351567130751,1.833250880241394,0.6640065312385559,0.21920794248580933,COMPLETE
299,0.6650359630584717,Sigmoid,18,210,8,0.036738393737057375,1,0.1043715101956772,0.0023588209481424783,1.6026431322097778,0.6650359630584717,0.17144614458084106,COMPLETE
300,0.651644766330719,Sigmoid,26,227,6,0.026987800685040256,1,0.11744088321927222,0.00108466300994611,1.3942387104034424,0.651644766330719,0.19217008352279663,COMPLETE
301,0.699911892414093,Sigmoid,15,200,3,0.05164854039247402,1,0.1317779820265352,0.004855034854515993,1.442482352256775,0.699911892414093,0.24746352434158325,COMPLETE
302,0.6584751605987549,Sigmoid,12,166,4,0.043107255773184694,1,0.1225308545604252,0.00014508467014998699,2.1288628578186035,0.6584751605987549,0.19846516847610474,COMPLETE
303,0.7674728631973267,Sigmoid,45,143,7,0.07928046559633486,1,0.1579306561242022,0.015708953819584,1.2973071336746216,0.7674728631973267,0.2125348448753357,COMPLETE
304,0.6534250378608704,Sigmoid,37,242,5,0.03518084141466306,1,0.10918806805072118,0.001750975424907307,2.2327117919921875,0.6534250378608704,0.2158220410346985,COMPLETE
305,0.7432739734649658,Sigmoid,22,190,4,0.005373392366492641,1,0.22395468655681544,0.00045380313415218623,3.607489585876465,0.7432739734649658,0.2757021188735962,COMPLETE
306,0.9728066325187683,Sigmoid,19,218,3,1.0810536297653853e-05,1,0.21126850909924452,0.0013070549350296921,1.6541234254837036,0.9728066325187683,0.017964720726013184,COMPLETE
307,0.709317147731781,Sigmoid,17,178,6,0.06342639659714835,1,0.2474045809369124,0.002052158259911689,1.6386356353759766,0.709317147731781,0.28855645656585693,COMPLETE
308,0.6966201066970825,Sigmoid,14,384,5,0.022649964439555796,1,0.11705897137899138,0.024429650322265378,1.2973365783691406,0.6966201066970825,0.2239518165588379,COMPLETE
309,0.6183798313140869,Sigmoid,20,130,5,0.03107065369219534,1,0.12617103007026761,0.0003407430531851116,2.3608782291412354,0.6183798313140869,0.2948949337005615,COMPLETE
310,0.7032167911529541,Sigmoid,21,125,5,0.0067744973608302355,1,0.7577688160582985,0.00037879689513353564,1.329552173614502,0.7032167911529541,0.31873321533203125,COMPLETE
311,0.6877155303955078,Sigmoid,24,134,4,0.02690285839440002,1,0.13890043076246186,0.00030342858908479403,1.2626166343688965,0.6877155303955078,0.24300944805145264,COMPLETE
312,0.668724536895752,Sigmoid,20,109,5,0.031389731971121014,1,0.12872253823197924,0.0002534228694568997,1.3080785274505615,0.668724536895752,0.2668309807777405,COMPLETE
313,0.70698082447052,Sigmoid,17,115,4,0.03927145930390236,1,0.12495477726380302,0.00021744280242227563,3.7511558532714844,0.70698082447052,0.14533424377441406,COMPLETE
314,0.624547004699707,Sigmoid,23,129,5,0.02332247008242748,1,0.11326974118337373,0.0005744575613557757,1.678242564201355,0.624547004699707,0.28868651390075684,COMPLETE
315,0.6482096314430237,Sigmoid,24,104,5,0.03142782031444189,1,0.10606486179116321,0.00047916893567292345,2.0534210205078125,0.6482096314430237,0.2680794596672058,COMPLETE
316,0.6737412214279175,Sigmoid,22,231,5,0.0033180679733989305,1,0.11269924542937021,0.0003769700791146422,1.8485898971557617,0.6737412214279175,0.22090882062911987,COMPLETE
317,0.7164831161499023,Sigmoid,26,125,4,0.04315669517129724,1,0.14383951744345264,0.0005170111650892763,1.4687069654464722,0.7164831161499023,0.17776811122894287,COMPLETE
318,0.6548158526420593,Sigmoid,23,119,5,0.019176913064225667,1,0.11406249901555808,4.4853798883448644e-05,1.3947227001190186,0.6548158526420593,0.2541115880012512,COMPLETE
319,0.7035908102989197,Sigmoid,21,254,3,0.03493835194375253,1,0.18691172389465024,0.0005633630985932357,1.4455801248550415,0.7035908102989197,0.24718725681304932,COMPLETE
320,0.6927517056465149,Sigmoid,19,139,5,0.0016575631434634155,1,0.10660419001219387,0.0009294425317264755,1.6141600608825684,0.6927517056465149,0.2290186882019043,COMPLETE
321,0.8306945562362671,Sigmoid,19,127,4,0.00040998038378285587,1,0.10011486978890072,0.0006545112672152674,1.0429030656814575,0.8306945562362671,0.08379793167114258,COMPLETE
322,0.7996438145637512,Sigmoid,29,211,6,0.00014545841670812138,1,0.5432966344919867,0.0003328978276936326,1.5841997861862183,0.7996438145637512,0.21896088123321533,COMPLETE
323,0.6466626524925232,Sigmoid,22,237,2,0.014078744181256621,1,0.11131020729097614,0.003979674420044092,2.034680128097534,0.6466626524925232,0.2512807846069336,COMPLETE
324,0.6844062209129333,Sigmoid,18,225,18,0.024546143452149807,1,0.11650784909120827,0.007757278165975046,1.382290005683899,0.6844062209129333,0.23653191328048706,COMPLETE
325,0.752585232257843,Sigmoid,25,203,4,0.04744611357139208,1,0.13226289853304637,0.00017152699575386508,1.6997945308685303,0.752585232257843,0.19230753183364868,COMPLETE
326,0.6903830766677856,Sigmoid,85,137,5,0.028267292125172976,1,0.12319682098771824,0.005070285463483788,1.7432358264923096,0.6903830766677856,0.21876412630081177,COMPLETE
327,0.6850165724754333,Sigmoid,16,219,6,0.0376975688716523,1,0.1083186291458843,0.0007631630460441256,1.6307569742202759,0.6850165724754333,0.05396395921707153,COMPLETE
328,0.6836761236190796,Sigmoid,31,148,5,0.0008143987252944254,1,0.11918464851695627,0.006058903569969534,1.2587635517120361,0.6836761236190796,0.22355669736862183,COMPLETE
329,0.6789308190345764,Sigmoid,90,244,5,0.053599409583688896,1,0.12647899055092332,0.002914275369202804,2.3699800968170166,0.6789308190345764,0.13374656438827515,COMPLETE
330,0.6631378531455994,Sigmoid,20,203,3,0.03240514219549773,1,0.11394571042851549,0.0002571751293131788,1.573591709136963,0.6631378531455994,0.2201862931251526,COMPLETE
331,0.6749281287193298,Sigmoid,18,213,4,0.043572549227290286,1,0.2978532103256241,0.0034646263609772847,2.336278200149536,0.6749281287193298,0.31105393171310425,COMPLETE
332,0.6397125720977783,Sigmoid,15,230,4,0.06681826882001851,1,0.10391675989858853,0.000430885742698394,1.519027590751648,0.6397125720977783,0.15185701847076416,COMPLETE
333,0.632948100566864,Sigmoid,21,194,6,0.022747360756357457,1,0.7970844379658826,0.00031715224724399336,1.372982144355774,0.632948100566864,0.39123326539993286,COMPLETE
334,0.7614839673042297,Sigmoid,14,224,5,0.027936091787122353,1,0.2754958455599959,0.03000499046275131,1.3429311513900757,0.7614839673042297,0.2318924069404602,COMPLETE
335,0.7199009656906128,Sigmoid,17,356,10,0.036539165418529466,1,0.178212848486456,0.00010283015354571895,1.3474928140640259,0.7199009656906128,0.20766198635101318,COMPLETE
336,0.7027141451835632,Sigmoid,20,368,4,0.0019570078613861397,1,0.13665020547994977,0.0006343650210801112,1.4288309812545776,0.7027141451835632,0.22898787260055542,COMPLETE
337,0.6915507912635803,Sigmoid,16,182,5,0.006132817849016935,1,0.10962398452441682,0.00019716782503429763,1.41632878780365,0.6915507912635803,0.22773033380508423,COMPLETE
338,0.6846326589584351,Sigmoid,27,249,6,0.055347693966615326,1,0.2582333318126105,0.0024702434700407424,1.4141205549240112,0.6846326589584351,0.3222115635871887,COMPLETE
339,0.6773383021354675,Sigmoid,71,169,16,0.044460691672205885,1,0.12061481313578716,0.0011637925293190758,1.462161898612976,0.6773383021354675,0.10829979181289673,COMPLETE
340,0.6636502146720886,Sigmoid,23,132,1,0.03260743901640712,1,0.11512398497210531,0.00013934099033254959,2.025003671646118,0.6636502146720886,0.1745564341545105,COMPLETE
341,0.7021874189376831,Sigmoid,18,210,3,0.0012486995444060756,1,0.12965087514820015,0.0014815211359284846,1.3286031484603882,0.7021874189376831,0.22562921047210693,COMPLETE
342,0.6545558571815491,Sigmoid,66,159,5,0.01744975476508408,1,0.3817684041346819,0.00087926710468567,1.5597697496414185,0.6545558571815491,0.35871827602386475,COMPLETE
343,0.7245163917541504,Sigmoid,13,146,4,0.04143034529245464,1,0.1625239966199924,0.0003828706764721903,1.5268839597702026,0.7245163917541504,0.26522690057754517,COMPLETE
344,0.6681872010231018,Sigmoid,15,196,5,0.009993639606148574,1,0.32212390878541075,0.0002841390314374388,6.135804653167725,0.6681872010231018,0.34537220001220703,COMPLETE
345,0.9892957210540771,Sigmoid,24,239,6,1.3197790312086162e-05,1,0.21893039381095714,0.004408805598869485,2.2465667724609375,0.9892957210540771,0.016993224620819092,COMPLETE
346,0.697441816329956,Sigmoid,19,116,4,0.08560098028343684,1,0.30096167773857485,0.0031291456770450895,3.60492205619812,0.697441816329956,0.2742893695831299,COMPLETE
347,0.717501163482666,Sigmoid,17,444,5,0.0613452925379461,1,0.2487593038076001,0.00227624720393814,2.1528289318084717,0.717501163482666,0.2834421992301941,COMPLETE
348,0.6726139783859253,Sigmoid,21,221,3,0.025962269351939026,1,0.12254409936912036,6.040911650529129e-05,1.6634019613265991,0.6726139783859253,0.22216928005218506,COMPLETE
349,0.6528138518333435,Sigmoid,13,204,6,0.04844893810387437,1,0.11094023152122723,0.00022090436972733825,1.8617987632751465,0.6528138518333435,0.045504629611968994,COMPLETE
350,0.664271891117096,Sigmoid,16,188,4,0.03661357323994751,1,0.10534032512461221,0.006008979271607176,1.4726797342300415,0.664271891117096,0.2172299027442932,COMPLETE
351,0.805084764957428,Sigmoid,49,232,5,0.02101698662545225,1,0.2263887600970555,0.0016417517061959616,1.7921663522720337,0.805084764957428,0.1997571587562561,COMPLETE
352,0.7615124583244324,Sigmoid,62,126,5,0.029842661081542574,1,0.2856693722025343,0.0001722478469871035,1.8642029762268066,0.7615124583244324,0.23094147443771362,COMPLETE
353,0.7554168105125427,Sigmoid,19,215,6,0.0704092293149614,1,0.1523696546900311,0.0011267708606570283,1.6045293807983398,0.7554168105125427,0.15597379207611084,COMPLETE
354,0.6850102543830872,Sigmoid,14,175,4,0.002395898674252297,1,0.11674996406754203,0.00011552109635905375,1.494235873222351,0.6850102543830872,0.22760432958602905,COMPLETE
355,0.6885337233543396,Sigmoid,22,204,4,0.050185066752568286,1,0.12603095042898596,0.017000677811985984,1.840386986732483,0.6885337233543396,0.22258174419403076,COMPLETE
356,0.6791016459465027,Sigmoid,17,272,3,0.04059422969304194,1,0.19629302743282834,1.0312753649363122e-05,2.20881986618042,0.6791016459465027,0.2358722686767578,COMPLETE
357,0.7303361296653748,Sigmoid,12,285,6,0.003277271727553236,1,0.13292111075328678,0.013659599323070403,1.3026719093322754,0.7303361296653748,0.21453416347503662,COMPLETE
358,0.9520184397697449,Sigmoid,20,184,9,1.67534042892482e-05,1,0.1190591035765903,0.0013279862076014796,1.9070173501968384,0.9520184397697449,-0.08119666576385498,COMPLETE
359,0.6794707179069519,Sigmoid,15,141,5,0.012576745294692908,1,0.11145068452404473,0.001982516617907356,1.6294809579849243,0.6794707179069519,0.2042863368988037,COMPLETE
360,0.6304331421852112,Sigmoid,18,261,5,0.032947080475796565,1,0.11438777117855634,0.0026589498497750674,2.4267218112945557,0.6304331421852112,0.21366941928863525,COMPLETE
361,0.6301422715187073,Sigmoid,25,235,4,0.058652875520329655,1,0.12541477116108585,0.0036613100690776443,42.11697006225586,0.6301422715187073,0.2773878574371338,COMPLETE
362,0.7442163825035095,Sigmoid,16,154,7,0.0012270983100226116,1,0.2708823121698551,0.0009476825018496878,1.3693522214889526,0.7442163825035095,0.2535135746002197,COMPLETE
363,0.7559636831283569,Sigmoid,20,420,2,0.026766212190170204,1,0.1474725829216754,0.010117728183144272,1.7447956800460815,0.7559636831283569,0.18854761123657227,COMPLETE
364,0.7422411441802979,Sigmoid,22,221,6,0.0419228135275087,1,0.10272499094968413,0.00034362327603699257,1.8639048337936401,0.7422411441802979,0.03659886121749878,COMPLETE
365,0.6621838808059692,Sigmoid,14,195,5,0.022366166314704228,1,0.10726583114595784,0.0004656210668505999,1.387359619140625,0.6621838808059692,0.24628019332885742,COMPLETE
366,0.6784101724624634,Sigmoid,42,244,4,0.004926762544041432,1,0.12041246664625585,0.00025325298912888853,1.3647630214691162,0.6784101724624634,0.23544007539749146,COMPLETE
367,0.7107850909233093,Sigmoid,18,132,5,0.03525313074360377,1,0.13931427452890457,0.008279414228479989,1.3307591676712036,0.7107850909233093,0.234757661819458,COMPLETE
368,0.670706033706665,Sigmoid,16,213,6,0.008801407718146553,1,0.11539403338589213,0.0015521874248999054,1.8893882036209106,0.670706033706665,0.24565523862838745,COMPLETE
369,0.7037566900253296,Sigmoid,23,170,3,0.0018954109153423843,1,0.12936451707281496,0.0006742449450468568,1.3369346857070923,0.7037566900253296,0.22745752334594727,COMPLETE
370,0.6811055541038513,Sigmoid,12,227,4,0.05381133952112825,1,0.11027981920086294,0.0021469496536049362,1.7990719079971313,0.6811055541038513,0.14767879247665405,COMPLETE
371,0.712356448173523,Sigmoid,18,199,5,0.076595930171036,1,0.12279489604857444,0.09761371899366197,1.2584179639816284,0.712356448173523,0.1966552734375,COMPLETE
372,0.6934704780578613,Sigmoid,15,185,8,0.02946049952730531,1,0.13425417832870015,0.0029652765579842146,1.301889181137085,0.6934704780578613,0.17648112773895264,COMPLETE
373,0.7169076204299927,Sigmoid,20,215,4,0.0038853251663231296,1,0.3461834762946013,0.0005741661685430502,3.8595781326293945,0.7169076204299927,0.3134802579879761,COMPLETE
374,0.7408297657966614,Sigmoid,13,349,6,0.04712158442182311,1,0.2920479890613168,0.0052029983388515956,3.1966311931610107,0.7408297657966614,0.2519378662109375,COMPLETE
375,0.6595377326011658,Sigmoid,17,249,5,0.017004582443400324,1,0.2076786318885427,0.0001877257555789701,3.085667848587036,0.6595377326011658,0.2602728605270386,COMPLETE
376,0.6799300312995911,Sigmoid,28,395,3,0.03646938692951406,1,0.11772501262984733,0.00028996478121351155,1.453027606010437,0.6799300312995911,0.20023512840270996,COMPLETE
377,0.6902545094490051,Sigmoid,11,159,7,0.04434009488110761,1,0.10275166006289442,0.0017728868948366356,1.3283089399337769,0.6902545094490051,0.08542394638061523,COMPLETE
378,0.6442655920982361,Sigmoid,21,146,4,0.024686088613827435,1,0.10828533969566452,0.00248300829001222,1.8953495025634766,0.6442655920982361,0.26681798696517944,COMPLETE
379,0.7339349389076233,Sigmoid,24,177,22,0.05714191171214295,1,0.18339289348101828,8.274995398809721e-05,1.3593600988388062,0.7339349389076233,0.18129509687423706,COMPLETE
380,0.7471991181373596,Sigmoid,19,193,5,0.0032353493220757005,1,0.11405210514786292,0.00131269483062702,1.3012442588806152,0.7471991181373596,0.14048278331756592,COMPLETE
